元データ確認
まずは元のテーブルの中身を確認

SELECT * FROM acts_output LIMIT 10;
+---------+-------+---------------------+------------+--------------------------------------------------+
| id      | mn_id | time                | sub        | action                                           |
+---------+-------+---------------------+------------+--------------------------------------------------+
| 1071169 |   259 | 2020-08-01 00:21:25 | login      |                                                  |
| 1071170 |   259 | 2020-08-01 00:21:27 | main       |                                                  |
| 1071171 |   256 | 2020-08-01 00:21:30 | main       |                                                  |
| 1071172 |   259 | 2020-08-01 00:21:36 | practice_c | kiai_mini,kiai_mini,md5_mini,kiai_mini,kiai_mini |
| 1071173 |   259 | 2020-08-01 00:21:36 | main       |                                                  |
| 1071174 |   256 | 2020-08-01 00:21:38 | practice_c | kiai_mini,kiai_mini,kiai                         |
| 1071175 |   256 | 2020-08-01 00:21:38 | main       |                                                  |
| 1071177 |   259 | 2020-08-01 00:21:43 | main       |                                                  |
| 1071180 |   259 | 2020-08-01 00:21:51 | main       |                                                  |
| 1071181 |   256 | 2020-08-01 00:21:54 | game       |                                                  |
+---------+-------+---------------------+------------+--------------------------------------------------+
10 rows in set (0.00 sec)

mysql> 
これでテーブルの構造とデータの内容を確認。
特にtimeとmn_id 列が存在するか確認。



日付と mn_id を抜き出す
日付部分と mn_id を抜き出して、グループ化したい場合は以下のSQL

1行で書く
select date(time) as date, mn_id from acts_output group by date, mn_id;

改行で書く
SELECT
    DATE(time) AS date,
    mn_id
FROM
    acts_output
GROUP BY
    date, mn_id;


+------------+-------+
| date       | mn_id |
+------------+-------+
| 2020-08-01 |   259 |
| 2020-08-01 |   256 |
| 2020-08-01 |   262 |
| 2020-08-01 |   265 |
| 2020-08-01 |    31 |
| 2020-08-01 |   261 |
| 2020-08-01 |   257 |
| 2020-08-01 |   247 |
| 2020-08-01 |   175 |
| 2020-08-01 |   196 |
| 2020-08-01 |   237 |
| 2020-08-01 |   178 |
| 2020-08-01 |   211 |
| 2020-08-01 |   122 |
| 2020-08-01 |   248 |
| 2020-08-01 |    97 |
| 2020-08-01 |   152 |
| 2020-08-01 |   154 |
| 2020-08-01 |    93 |
| 2020-08-01 |   164 |
| 2020-08-01 |   101 |
| 2020-08-02 |   259 |
| 2020-08-02 |   265 |
| 2020-08-02 |   256 |
| 2020-08-02 |   211 |
| 2020-08-02 |   262 |
| 2020-08-02 |   155 |
| 2020-08-02 |   237 |
| 2020-08-02 |   263 |
| 2020-08-02 |   267 |
| 2020-08-02 |   257 |
| 2020-08-02 |   264 |
| 2020-08-02 |    31 |
| 2020-08-02 |   247 |
| 2020-08-02 |   248 |
| 2020-08-02 |   175 |
| 2020-08-02 |   154 |
| 2020-08-02 |   266 |
| 2020-08-02 |   258 |
| 2020-08-02 |   196 |
| 2020-08-02 |     8 |
| 2020-08-02 |    97 |
| 2020-08-02 |   261 |
| 2020-08-03 |   265 |
| 2020-08-03 |   262 |
| 2020-08-03 |   256 |
| 2020-08-03 |   211 |
| 2020-08-03 |   259 |
| 2020-08-03 |   237 |
| 2020-08-03 |   264 |
| 2020-08-03 |   155 |
| 2020-08-03 |   257 |
| 2020-08-03 |    31 |
| 2020-08-03 |    45 |
| 2020-08-03 |   247 |
| 2020-08-03 |   175 |
| 2020-08-03 |   196 |
| 2020-08-03 |   261 |
| 2020-08-03 |   266 |
| 2020-08-03 |    27 |
| 2020-08-03 |   200 |
| 2020-08-03 |    24 |
| 2020-08-03 |   154 |
| 2020-08-03 |   248 |
| 2020-08-04 |   256 |
| 2020-08-04 |   259 |
| 2020-08-04 |   262 |
| 2020-08-04 |   261 |
| 2020-08-04 |   263 |
| 2020-08-04 |   264 |
| 2020-08-04 |   155 |
| 2020-08-04 |   257 |
| 2020-08-04 |   237 |
| 2020-08-04 |   265 |
| 2020-08-04 |    31 |
| 2020-08-04 |   247 |
| 2020-08-04 |    89 |
| 2020-08-04 |   196 |
| 2020-08-04 |   207 |
| 2020-08-04 |   175 |
| 2020-08-04 |   258 |
| 2020-08-04 |   200 |
| 2020-08-04 |   211 |
| 2020-08-04 |   266 |
| 2020-08-04 |   153 |
| 2020-08-04 |    65 |
| 2020-08-04 |   248 |
| 2020-08-04 |   267 |
| 2020-08-05 |   262 |
| 2020-08-05 |    27 |
| 2020-08-05 |   265 |
| 2020-08-05 |   259 |
| 2020-08-05 |   200 |
| 2020-08-05 |   155 |
| 2020-08-05 |   257 |
| 2020-08-05 |   237 |
| 2020-08-05 |   256 |
| 2020-08-05 |   263 |
| 2020-08-05 |    31 |
| 2020-08-05 |   247 |
| 2020-08-05 |   196 |
| 2020-08-05 |   211 |
| 2020-08-05 |    65 |
| 2020-08-05 |   266 |
| 2020-08-05 |   207 |
| 2020-08-05 |   141 |
| 2020-08-05 |   267 |
| 2020-08-05 |   161 |
| 2020-08-05 |    60 |
| 2020-08-05 |   175 |
| 2020-08-05 |   154 |
| 2020-08-05 |    18 |
| 2020-08-05 |   248 |
| 2020-08-05 |   258 |
| 2020-08-06 |   256 |
| 2020-08-06 |   259 |
| 2020-08-06 |   261 |
| 2020-08-06 |   262 |
| 2020-08-06 |   265 |
| 2020-08-06 |   257 |
| 2020-08-06 |    31 |
| 2020-08-06 |   247 |
| 2020-08-06 |   196 |
| 2020-08-06 |   200 |
| 2020-08-06 |   211 |
| 2020-08-06 |   266 |
| 2020-08-06 |   263 |
| 2020-08-06 |     8 |
| 2020-08-06 |   237 |
| 2020-08-06 |   154 |
| 2020-08-06 |   248 |
| 2020-08-06 |   155 |
| 2020-08-06 |   175 |
| 2020-08-07 |   265 |
| 2020-08-07 |    31 |
| 2020-08-07 |   262 |
| 2020-08-07 |   259 |
| 2020-08-07 |   261 |
| 2020-08-07 |   263 |
| 2020-08-07 |   257 |
| 2020-08-07 |   256 |
| 2020-08-07 |   196 |
| 2020-08-07 |   247 |
| 2020-08-07 |   211 |
| 2020-08-07 |   237 |
| 2020-08-07 |   266 |
| 2020-08-07 |   154 |
| 2020-08-07 |   248 |
| 2020-08-07 |   267 |
| 2020-08-07 |    27 |
| 2020-08-07 |    18 |
| 2020-08-07 |   258 |
| 2020-08-07 |   175 |
| 2020-08-08 |   265 |
| 2020-08-08 |    76 |
| 2020-08-08 |   211 |
| 2020-08-08 |   259 |
| 2020-08-08 |   261 |
| 2020-08-08 |   110 |
| 2020-08-08 |   258 |
| 2020-08-08 |   171 |
| 2020-08-08 |   257 |
| 2020-08-08 |   256 |
| 2020-08-08 |   247 |
| 2020-08-08 |    31 |
| 2020-08-08 |   196 |
| 2020-08-08 |   175 |
| 2020-08-08 |   262 |
| 2020-08-08 |   237 |
| 2020-08-08 |   248 |
| 2020-08-08 |   154 |
| 2020-08-08 |   263 |
| 2020-08-08 |    48 |
| 2020-08-08 |    18 |
| 2020-08-08 |    27 |
| 2020-08-08 |   236 |
| 2020-08-09 |   259 |
| 2020-08-09 |   171 |
| 2020-08-09 |   265 |
| 2020-08-09 |   248 |
| 2020-08-09 |   262 |
| 2020-08-09 |   263 |
| 2020-08-09 |   147 |
| 2020-08-09 |    27 |
| 2020-08-09 |   211 |
| 2020-08-09 |   257 |
| 2020-08-09 |    31 |
| 2020-08-09 |   256 |
| 2020-08-09 |   247 |
| 2020-08-09 |   196 |
| 2020-08-09 |   237 |
| 2020-08-09 |   258 |
| 2020-08-09 |    48 |
| 2020-08-09 |   130 |
| 2020-08-09 |   175 |
| 2020-08-09 |   127 |
| 2020-08-09 |   136 |
| 2020-08-09 |     8 |
| 2020-08-09 |    29 |
| 2020-08-09 |   143 |
| 2020-08-09 |   228 |
| 2020-08-09 |   261 |
| 2020-08-09 |   266 |
| 2020-08-10 |   265 |
| 2020-08-10 |   171 |
| 2020-08-10 |    31 |
| 2020-08-10 |   259 |
| 2020-08-10 |   237 |
| 2020-08-10 |   262 |
| 2020-08-10 |   257 |
| 2020-08-10 |   155 |
| 2020-08-10 |   256 |
| 2020-08-10 |    22 |
| 2020-08-10 |   196 |
| 2020-08-10 |   247 |
| 2020-08-10 |   248 |
| 2020-08-10 |    48 |
| 2020-08-10 |   261 |
| 2020-08-10 |   258 |
| 2020-08-10 |   266 |
| 2020-08-10 |   154 |
| 2020-08-10 |   267 |
| 2020-08-10 |   143 |
| 2020-08-10 |   162 |
| 2020-08-10 |   175 |
| 2020-08-11 |    80 |
| 2020-08-11 |   259 |
| 2020-08-11 |   171 |
| 2020-08-11 |     8 |
| 2020-08-11 |   262 |
| 2020-08-11 |   261 |
| 2020-08-11 |   257 |
| 2020-08-11 |    31 |
| 2020-08-11 |   256 |
| 2020-08-11 |   265 |
| 2020-08-11 |   237 |
| 2020-08-11 |   258 |
| 2020-08-11 |   247 |
| 2020-08-11 |   196 |
| 2020-08-11 |   162 |
| 2020-08-11 |   266 |
| 2020-08-11 |   211 |
| 2020-08-11 |   248 |
| 2020-08-11 |   154 |
| 2020-08-11 |    35 |
| 2020-08-11 |    98 |
| 2020-08-11 |    51 |
| 2020-08-11 |   155 |
| 2020-08-12 |     8 |
| 2020-08-12 |   265 |
| 2020-08-12 |    31 |
| 2020-08-12 |   262 |
| 2020-08-12 |   263 |
| 2020-08-12 |   171 |
| 2020-08-12 |   248 |
| 2020-08-12 |   261 |
| 2020-08-12 |   267 |
| 2020-08-12 |   257 |
| 2020-08-12 |   256 |
| 2020-08-12 |    75 |
| 2020-08-12 |   237 |
| 2020-08-12 |   247 |
| 2020-08-12 |   196 |
| 2020-08-12 |   175 |
| 2020-08-12 |   162 |
| 2020-08-12 |    51 |
| 2020-08-12 |   211 |
| 2020-08-12 |   154 |
| 2020-08-12 |   266 |
| 2020-08-12 |   259 |
| 2020-08-12 |    27 |
| 2020-08-12 |   198 |
| 2020-08-13 |    31 |
| 2020-08-13 |   262 |
| 2020-08-13 |   265 |
| 2020-08-13 |   259 |
| 2020-08-13 |   155 |
| 2020-08-13 |   171 |
| 2020-08-13 |   257 |
| 2020-08-13 |   237 |
| 2020-08-13 |   256 |
| 2020-08-13 |   261 |
| 2020-08-13 |   247 |
| 2020-08-13 |   196 |
| 2020-08-13 |   248 |
| 2020-08-13 |   266 |
| 2020-08-13 |   211 |
| 2020-08-13 |   162 |
| 2020-08-13 |   223 |
| 2020-08-13 |   108 |
| 2020-08-13 |   120 |
| 2020-08-13 |    37 |
| 2020-08-13 |   142 |
| 2020-08-13 |   175 |
| 2020-08-13 |    99 |
| 2020-08-13 |   267 |
| 2020-08-13 |   100 |
| 2020-08-13 |    43 |
| 2020-08-13 |    42 |
| 2020-08-13 |    21 |
| 2020-08-13 |   152 |
| 2020-08-13 |   181 |
| 2020-08-13 |   151 |
| 2020-08-13 |    68 |
| 2020-08-13 |   109 |
| 2020-08-13 |   251 |
| 2020-08-13 |    72 |
| 2020-08-13 |    86 |
| 2020-08-13 |   158 |
| 2020-08-13 |   233 |
| 2020-08-13 |    85 |
| 2020-08-14 |   211 |
| 2020-08-14 |   265 |
| 2020-08-14 |   180 |
| 2020-08-14 |   259 |
| 2020-08-14 |   171 |
| 2020-08-14 |   237 |
| 2020-08-14 |    31 |
| 2020-08-14 |   144 |
| 2020-08-14 |   262 |
| 2020-08-14 |    74 |
| 2020-08-14 |   134 |
| 2020-08-14 |   257 |
| 2020-08-14 |   256 |
| 2020-08-14 |   261 |
| 2020-08-14 |   247 |
| 2020-08-14 |   196 |
| 2020-08-14 |   266 |
| 2020-08-14 |   175 |
| 2020-08-14 |   182 |
| 2020-08-14 |   250 |
| 2020-08-14 |   248 |
| 2020-08-14 |   162 |
| 2020-08-14 |   108 |
| 2020-08-14 |   124 |
| 2020-08-14 |   251 |
| 2020-08-14 |   152 |
| 2020-08-14 |   258 |
| 2020-08-14 |    14 |
| 2020-08-14 |    27 |
| 2020-08-14 |    92 |
| 2020-08-14 |    96 |
| 2020-08-14 |   222 |
| 2020-08-14 |   154 |
| 2020-08-14 |    46 |
| 2020-08-14 |   132 |
| 2020-08-14 |    55 |
| 2020-08-14 |   178 |
| 2020-08-14 |    68 |
| 2020-08-14 |   267 |
| 2020-08-14 |     8 |
| 2020-08-15 |    55 |
| 2020-08-15 |   237 |
| 2020-08-15 |   257 |
| 2020-08-15 |   259 |
| 2020-08-15 |   155 |
| 2020-08-15 |   262 |
| 2020-08-15 |   171 |
| 2020-08-15 |   265 |
| 2020-08-15 |   208 |
| 2020-08-15 |   256 |
| 2020-08-15 |   251 |
| 2020-08-15 |   261 |
| 2020-08-15 |   196 |
| 2020-08-15 |    31 |
| 2020-08-15 |   247 |
| 2020-08-15 |   248 |
| 2020-08-15 |    12 |
| 2020-08-15 |   211 |
| 2020-08-15 |    11 |
| 2020-08-15 |   175 |
| 2020-08-15 |   266 |
| 2020-08-15 |   108 |
| 2020-08-15 |   182 |
| 2020-08-15 |   135 |
| 2020-08-15 |    23 |
| 2020-08-15 |    39 |
| 2020-08-15 |   152 |
| 2020-08-15 |    64 |
| 2020-08-15 |   162 |
| 2020-08-15 |   258 |
| 2020-08-15 |   148 |
| 2020-08-16 |   261 |
| 2020-08-16 |   259 |
| 2020-08-16 |     1 |
| 2020-08-16 |   262 |
| 2020-08-16 |   265 |
| 2020-08-16 |   256 |
| 2020-08-16 |   155 |
| 2020-08-16 |   184 |
| 2020-08-16 |   159 |
| 2020-08-16 |   108 |
| 2020-08-16 |   257 |
| 2020-08-16 |    39 |
| 2020-08-16 |    31 |
| 2020-08-16 |   237 |
| 2020-08-16 |   196 |
| 2020-08-16 |   247 |
| 2020-08-16 |   175 |
| 2020-08-16 |    70 |
| 2020-08-16 |   263 |
| 2020-08-16 |    32 |
| 2020-08-16 |   211 |
| 2020-08-16 |   162 |
| 2020-08-16 |   248 |
| 2020-08-16 |   243 |
| 2020-08-16 |   254 |
| 2020-08-16 |    52 |
| 2020-08-16 |    61 |
| 2020-08-16 |     8 |
| 2020-08-16 |    30 |
| 2020-08-16 |   107 |
| 2020-08-16 |   154 |
| 2020-08-16 |   118 |
| 2020-08-16 |   266 |
| 2020-08-16 |   251 |
| 2020-08-17 |    39 |
| 2020-08-17 |   265 |
| 2020-08-17 |   259 |
| 2020-08-17 |    30 |
| 2020-08-17 |   155 |
| 2020-08-17 |   248 |
| 2020-08-17 |   258 |
| 2020-08-17 |   262 |
| 2020-08-17 |   137 |
| 2020-08-17 |   211 |
| 2020-08-17 |    31 |
| 2020-08-17 |   257 |
| 2020-08-17 |   256 |
| 2020-08-17 |   237 |
| 2020-08-17 |   196 |
| 2020-08-17 |   247 |
| 2020-08-17 |   162 |
| 2020-08-17 |   154 |
| 2020-08-17 |   266 |
| 2020-08-17 |   251 |
| 2020-08-17 |   118 |
| 2020-08-17 |    52 |
| 2020-08-17 |    17 |
| 2020-08-17 |   108 |
| 2020-08-17 |   263 |
| 2020-08-17 |   267 |
| 2020-08-17 |    51 |
| 2020-08-18 |   256 |
| 2020-08-18 |   175 |
| 2020-08-18 |   259 |
| 2020-08-18 |   265 |
| 2020-08-18 |   171 |
| 2020-08-18 |    39 |
| 2020-08-18 |   261 |
| 2020-08-18 |   257 |
| 2020-08-18 |    31 |
| 2020-08-18 |    30 |
| 2020-08-18 |   247 |
| 2020-08-18 |   196 |
| 2020-08-18 |   114 |
| 2020-08-18 |    52 |
| 2020-08-18 |   266 |
| 2020-08-18 |    18 |
| 2020-08-18 |   251 |
| 2020-08-18 |   162 |
| 2020-08-18 |   237 |
| 2020-08-18 |     8 |
| 2020-08-18 |   154 |
| 2020-08-18 |   108 |
| 2020-08-18 |   262 |
| 2020-08-18 |   263 |
| 2020-08-18 |   258 |
| 2020-08-18 |   248 |
| 2020-08-19 |   261 |
| 2020-08-19 |   259 |
| 2020-08-19 |   265 |
| 2020-08-19 |    39 |
| 2020-08-19 |   258 |
| 2020-08-19 |   262 |
| 2020-08-19 |   155 |
| 2020-08-19 |   171 |
| 2020-08-19 |   257 |
| 2020-08-19 |   256 |
| 2020-08-19 |   237 |
| 2020-08-19 |    31 |
| 2020-08-19 |    52 |
| 2020-08-19 |   196 |
| 2020-08-19 |    30 |
| 2020-08-19 |   247 |
| 2020-08-19 |   211 |
| 2020-08-19 |   162 |
| 2020-08-19 |   157 |
| 2020-08-19 |   266 |
| 2020-08-19 |   154 |
| 2020-08-19 |    94 |
| 2020-08-19 |   251 |
| 2020-08-19 |   108 |
| 2020-08-19 |   252 |
| 2020-08-19 |   245 |
| 2020-08-19 |   248 |
| 2020-08-19 |    89 |
| 2020-08-20 |   108 |
| 2020-08-20 |   265 |
| 2020-08-20 |   258 |
| 2020-08-20 |    39 |
| 2020-08-20 |   259 |
| 2020-08-20 |   262 |
| 2020-08-20 |   261 |
| 2020-08-20 |   171 |
| 2020-08-20 |   114 |
| 2020-08-20 |   257 |
| 2020-08-20 |   237 |
| 2020-08-20 |   267 |
| 2020-08-20 |    31 |
| 2020-08-20 |   251 |
| 2020-08-20 |   256 |
| 2020-08-20 |   196 |
| 2020-08-20 |   247 |
| 2020-08-20 |    30 |
| 2020-08-20 |   266 |
| 2020-08-20 |   211 |
| 2020-08-20 |   206 |
| 2020-08-20 |   201 |
| 2020-08-20 |   154 |
| 2020-08-20 |   162 |
| 2020-08-20 |   215 |
| 2020-08-20 |   155 |
| 2020-08-20 |   248 |
| 2020-08-20 |   185 |
| 2020-08-21 |    39 |
| 2020-08-21 |   265 |
| 2020-08-21 |   262 |
| 2020-08-21 |   259 |
| 2020-08-21 |   171 |
| 2020-08-21 |   266 |
| 2020-08-21 |   257 |
| 2020-08-21 |     4 |
| 2020-08-21 |   256 |
| 2020-08-21 |    31 |
| 2020-08-21 |   196 |
| 2020-08-21 |   247 |
| 2020-08-21 |    52 |
| 2020-08-21 |   154 |
| 2020-08-21 |   251 |
| 2020-08-21 |    71 |
| 2020-08-21 |   237 |
| 2020-08-21 |   162 |
| 2020-08-21 |    30 |
| 2020-08-21 |   108 |
| 2020-08-21 |   235 |
| 2020-08-21 |   248 |
| 2020-08-21 |   155 |
| 2020-08-21 |   211 |
| 2020-08-22 |   261 |
| 2020-08-22 |   258 |
| 2020-08-22 |   259 |
| 2020-08-22 |   248 |
| 2020-08-22 |   237 |
| 2020-08-22 |     3 |
| 2020-08-22 |   119 |
| 2020-08-22 |   171 |
| 2020-08-22 |   262 |
| 2020-08-22 |   257 |
| 2020-08-22 |    39 |
| 2020-08-22 |   256 |
| 2020-08-22 |    31 |
| 2020-08-22 |   265 |
| 2020-08-22 |   247 |
| 2020-08-22 |    57 |
| 2020-08-22 |   251 |
| 2020-08-22 |   175 |
| 2020-08-22 |   196 |
| 2020-08-22 |   211 |
| 2020-08-22 |   266 |
| 2020-08-22 |    52 |
| 2020-08-22 |     5 |
| 2020-08-22 |   162 |
| 2020-08-22 |   109 |
| 2020-08-22 |   179 |
| 2020-08-22 |   108 |
| 2020-08-22 |   111 |
| 2020-08-22 |   155 |
| 2020-08-22 |   165 |
| 2020-08-22 |   138 |
| 2020-08-22 |   267 |
| 2020-08-23 |    31 |
| 2020-08-23 |   259 |
| 2020-08-23 |   256 |
| 2020-08-23 |     8 |
| 2020-08-23 |   248 |
| 2020-08-23 |   171 |
| 2020-08-23 |   237 |
| 2020-08-23 |   262 |
| 2020-08-23 |   265 |
| 2020-08-23 |   257 |
| 2020-08-23 |   258 |
| 2020-08-23 |   247 |
| 2020-08-23 |   251 |
| 2020-08-23 |   196 |
| 2020-08-23 |   255 |
| 2020-08-23 |   167 |
| 2020-08-23 |   175 |
| 2020-08-23 |   266 |
| 2020-08-23 |   179 |
| 2020-08-23 |   125 |
| 2020-08-23 |   154 |
| 2020-08-23 |   111 |
| 2020-08-23 |   211 |
| 2020-08-23 |    39 |
| 2020-08-23 |   108 |
| 2020-08-23 |    52 |
| 2020-08-23 |   150 |
| 2020-08-23 |    81 |
| 2020-08-23 |   121 |
| 2020-08-23 |     7 |
| 2020-08-23 |   261 |
| 2020-08-23 |   155 |
| 2020-08-23 |   165 |
| 2020-08-23 |   267 |
| 2020-08-24 |   265 |
| 2020-08-24 |   262 |
| 2020-08-24 |   259 |
| 2020-08-24 |   171 |
| 2020-08-24 |   237 |
| 2020-08-24 |   257 |
| 2020-08-24 |   108 |
| 2020-08-24 |   111 |
| 2020-08-24 |   256 |
| 2020-08-24 |    31 |
| 2020-08-24 |   196 |
| 2020-08-24 |   247 |
| 2020-08-24 |   251 |
| 2020-08-24 |   266 |
| 2020-08-24 |   179 |
| 2020-08-24 |    47 |
| 2020-08-24 |    95 |
| 2020-08-24 |   195 |
| 2020-08-24 |    88 |
| 2020-08-24 |   165 |
| 2020-08-24 |    79 |
| 2020-08-24 |   211 |
| 2020-08-24 |    39 |
| 2020-08-24 |   154 |
| 2020-08-24 |   202 |
| 2020-08-24 |   261 |
| 2020-08-24 |    52 |
| 2020-08-24 |   155 |
| 2020-08-24 |     7 |
| 2020-08-24 |   226 |
| 2020-08-24 |   248 |
| 2020-08-24 |    28 |
| 2020-08-25 |   265 |
| 2020-08-25 |   262 |
| 2020-08-25 |   171 |
| 2020-08-25 |   259 |
| 2020-08-25 |   258 |
| 2020-08-25 |   237 |
| 2020-08-25 |   257 |
| 2020-08-25 |   256 |
| 2020-08-25 |    31 |
| 2020-08-25 |   196 |
| 2020-08-25 |   111 |
| 2020-08-25 |     7 |
| 2020-08-25 |   251 |
| 2020-08-25 |   247 |
| 2020-08-25 |   266 |
| 2020-08-25 |   211 |
| 2020-08-25 |    39 |
| 2020-08-25 |   261 |
| 2020-08-25 |   108 |
| 2020-08-25 |   248 |
| 2020-08-25 |   244 |
| 2020-08-25 |   155 |
| 2020-08-25 |    52 |
| 2020-08-25 |   242 |
| 2020-08-25 |   235 |
| 2020-08-25 |    15 |
| 2020-08-26 |   258 |
| 2020-08-26 |   265 |
| 2020-08-26 |    31 |
| 2020-08-26 |   259 |
| 2020-08-26 |   171 |
| 2020-08-26 |   257 |
| 2020-08-26 |   237 |
| 2020-08-26 |   261 |
| 2020-08-26 |   256 |
| 2020-08-26 |   196 |
| 2020-08-26 |   103 |
| 2020-08-26 |   247 |
| 2020-08-26 |   251 |
| 2020-08-26 |   267 |
| 2020-08-26 |   262 |
| 2020-08-26 |    39 |
| 2020-08-26 |   108 |
| 2020-08-26 |   241 |
| 2020-08-26 |   211 |
| 2020-08-26 |    52 |
| 2020-08-26 |   155 |
| 2020-08-26 |   111 |
| 2020-08-26 |     7 |
| 2020-08-26 |   248 |
| 2020-08-26 |   154 |
| 2020-08-26 |    50 |
| 2020-08-27 |   265 |
| 2020-08-27 |    39 |
| 2020-08-27 |   261 |
| 2020-08-27 |   259 |
| 2020-08-27 |   262 |
| 2020-08-27 |   258 |
| 2020-08-27 |   171 |
| 2020-08-27 |   116 |
| 2020-08-27 |   257 |
| 2020-08-27 |   237 |
| 2020-08-27 |   256 |
| 2020-08-27 |    31 |
| 2020-08-27 |   196 |
| 2020-08-27 |   111 |
| 2020-08-27 |     7 |
| 2020-08-27 |   247 |
| 2020-08-27 |     8 |
| 2020-08-27 |   175 |
| 2020-08-27 |    34 |
| 2020-08-27 |   251 |
| 2020-08-27 |   108 |
| 2020-08-27 |   211 |
| 2020-08-27 |     9 |
| 2020-08-27 |   140 |
| 2020-08-27 |    50 |
| 2020-08-27 |   155 |
| 2020-08-27 |   266 |
| 2020-08-27 |   248 |
| 2020-08-28 |   265 |
| 2020-08-28 |   258 |
| 2020-08-28 |   259 |
| 2020-08-28 |   171 |
| 2020-08-28 |   257 |
| 2020-08-28 |   262 |
| 2020-08-28 |   256 |
| 2020-08-28 |   237 |
| 2020-08-28 |   111 |
| 2020-08-28 |     7 |
| 2020-08-28 |    31 |
| 2020-08-28 |    52 |
| 2020-08-28 |   196 |
| 2020-08-28 |   247 |
| 2020-08-28 |   251 |
| 2020-08-28 |    59 |
| 2020-08-28 |   266 |
| 2020-08-28 |   261 |
| 2020-08-28 |    39 |
| 2020-08-28 |    50 |
| 2020-08-28 |   155 |
| 2020-08-28 |   211 |
| 2020-08-28 |    30 |
| 2020-08-28 |   108 |
| 2020-08-28 |   248 |
| 2020-08-29 |   265 |
| 2020-08-29 |   199 |
| 2020-08-29 |   171 |
| 2020-08-29 |   259 |
| 2020-08-29 |    39 |
| 2020-08-29 |   257 |
| 2020-08-29 |    31 |
| 2020-08-29 |   258 |
| 2020-08-29 |   262 |
| 2020-08-29 |   237 |
| 2020-08-29 |   256 |
| 2020-08-29 |     7 |
| 2020-08-29 |   111 |
| 2020-08-29 |   247 |
| 2020-08-29 |   251 |
| 2020-08-29 |   196 |
| 2020-08-29 |   248 |
| 2020-08-29 |   266 |
| 2020-08-29 |   211 |
| 2020-08-29 |   175 |
| 2020-08-29 |   230 |
| 2020-08-29 |   242 |
| 2020-08-29 |    50 |
| 2020-08-29 |   108 |
| 2020-08-29 |    30 |
| 2020-08-29 |   255 |
| 2020-08-29 |     8 |
| 2020-08-29 |    52 |
| 2020-08-30 |   259 |
| 2020-08-30 |   265 |
| 2020-08-30 |    50 |
| 2020-08-30 |   266 |
| 2020-08-30 |   108 |
| 2020-08-30 |   267 |
| 2020-08-30 |   237 |
| 2020-08-30 |   171 |
| 2020-08-30 |   261 |
| 2020-08-30 |   257 |
| 2020-08-30 |   256 |
| 2020-08-30 |   251 |
| 2020-08-30 |    31 |
| 2020-08-30 |   247 |
| 2020-08-30 |   196 |
| 2020-08-30 |   175 |
| 2020-08-30 |   211 |
| 2020-08-30 |   115 |
| 2020-08-30 |    30 |
| 2020-08-30 |     7 |
| 2020-08-30 |    39 |
| 2020-08-30 |   111 |
| 2020-08-30 |   262 |
| 2020-08-30 |    69 |
| 2020-08-30 |   154 |
| 2020-08-30 |   248 |
| 2020-08-30 |    52 |
| 2020-08-30 |   244 |
| 2020-08-30 |   155 |
| 2020-08-30 |    90 |
| 2020-08-31 |   262 |
| 2020-08-31 |   259 |
| 2020-08-31 |   265 |
| 2020-08-31 |   171 |
| 2020-08-31 |   111 |
| 2020-08-31 |   257 |
| 2020-08-31 |   256 |
| 2020-08-31 |    31 |
| 2020-08-31 |   196 |
| 2020-08-31 |    41 |
| 2020-08-31 |   247 |
| 2020-08-31 |   251 |
| 2020-08-31 |   175 |
| 2020-08-31 |    82 |
| 2020-08-31 |   261 |
| 2020-08-31 |    39 |
| 2020-08-31 |   248 |
| 2020-08-31 |   108 |
| 2020-08-31 |   194 |
| 2020-08-31 |   102 |
| 2020-08-31 |   155 |
| 2020-08-31 |   267 |
| 2020-08-31 |   105 |
| 2020-08-31 |   211 |
| 2020-08-31 |    30 |
| 2020-08-31 |     7 |
| 2020-09-01 |   265 |
| 2020-09-01 |   262 |
| 2020-09-01 |   251 |
| 2020-09-01 |    50 |
| 2020-09-01 |   259 |
| 2020-09-01 |   256 |
| 2020-09-01 |   257 |
| 2020-09-01 |   237 |
| 2020-09-01 |   105 |
| 2020-09-01 |    31 |
| 2020-09-01 |   196 |
| 2020-09-01 |   247 |
| 2020-09-01 |   197 |
| 2020-09-01 |   266 |
| 2020-09-01 |   211 |
| 2020-09-01 |    39 |
| 2020-09-01 |   106 |
| 2020-09-01 |   240 |
| 2020-09-01 |   261 |
| 2020-09-01 |   155 |
| 2020-09-01 |   258 |
| 2020-09-01 |   248 |
| 2020-09-01 |    19 |
| 2020-09-01 |   108 |
| 2020-09-02 |   265 |
| 2020-09-02 |   262 |
| 2020-09-02 |   259 |
| 2020-09-02 |   171 |
| 2020-09-02 |   266 |
| 2020-09-02 |   257 |
| 2020-09-02 |   111 |
| 2020-09-02 |   256 |
| 2020-09-02 |     7 |
| 2020-09-02 |    31 |
| 2020-09-02 |   237 |
| 2020-09-02 |   247 |
| 2020-09-02 |   196 |
| 2020-09-02 |   251 |
| 2020-09-02 |   205 |
| 2020-09-02 |    39 |
| 2020-09-02 |    58 |
| 2020-09-02 |   108 |
| 2020-09-02 |   248 |
| 2020-09-02 |   154 |
| 2020-09-02 |   155 |
| 2020-09-02 |   186 |
| 2020-09-02 |   169 |
| 2020-09-02 |    52 |
| 2020-09-02 |    30 |
| 2020-09-02 |    18 |
| 2020-09-02 |   211 |
| 2020-09-02 |   261 |
| 2020-09-03 |   265 |
| 2020-09-03 |   256 |
| 2020-09-03 |   259 |
| 2020-09-03 |   248 |
| 2020-09-03 |    31 |
| 2020-09-03 |   257 |
| 2020-09-03 |   111 |
| 2020-09-03 |   237 |
| 2020-09-03 |     7 |
| 2020-09-03 |   251 |
| 2020-09-03 |   247 |
| 2020-09-03 |   196 |
| 2020-09-03 |   262 |
| 2020-09-03 |    58 |
| 2020-09-03 |   266 |
| 2020-09-03 |    20 |
| 2020-09-03 |   210 |
| 2020-09-03 |    39 |
| 2020-09-03 |   108 |
| 2020-09-03 |   125 |
| 2020-09-03 |     8 |
| 2020-09-03 |   155 |
| 2020-09-03 |    66 |
| 2020-09-03 |   211 |
| 2020-09-03 |   154 |
| 2020-09-03 |    62 |
| 2020-09-03 |   175 |
| 2020-09-03 |   261 |
| 2020-09-03 |    52 |
| 2020-09-03 |    50 |
| 2020-09-04 |   265 |
| 2020-09-04 |   234 |
| 2020-09-04 |   171 |
| 2020-09-04 |   259 |
| 2020-09-04 |   262 |
| 2020-09-04 |   237 |
| 2020-09-04 |   111 |
| 2020-09-04 |     7 |
| 2020-09-04 |   257 |
| 2020-09-04 |   256 |
| 2020-09-04 |    31 |
| 2020-09-04 |   196 |
| 2020-09-04 |   247 |
| 2020-09-04 |   175 |
| 2020-09-04 |    20 |
| 2020-09-04 |   251 |
| 2020-09-04 |   266 |
| 2020-09-04 |   108 |
| 2020-09-04 |    39 |
| 2020-09-04 |   212 |
| 2020-09-04 |   267 |
| 2020-09-04 |   155 |
| 2020-09-04 |    68 |
| 2020-09-04 |    52 |
| 2020-09-04 |    50 |
| 2020-09-04 |   211 |
| 2020-09-04 |   261 |
| 2020-09-05 |   266 |
| 2020-09-05 |   265 |
| 2020-09-05 |   259 |
| 2020-09-05 |    31 |
| 2020-09-05 |   248 |
| 2020-09-05 |   171 |
| 2020-09-05 |   258 |
| 2020-09-05 |   262 |
| 2020-09-05 |   263 |
| 2020-09-05 |   257 |
| 2020-09-05 |   111 |
| 2020-09-05 |     7 |
| 2020-09-05 |   256 |
| 2020-09-05 |   247 |
| 2020-09-05 |   196 |
| 2020-09-05 |   237 |
| 2020-09-05 |   251 |
| 2020-09-05 |    52 |
| 2020-09-05 |   105 |
| 2020-09-05 |   129 |
| 2020-09-05 |    39 |
| 2020-09-05 |   260 |
| 2020-09-05 |   225 |
| 2020-09-05 |   109 |
| 2020-09-05 |   155 |
| 2020-09-05 |   112 |
| 2020-09-05 |   108 |
| 2020-09-05 |   261 |
| 2020-09-05 |    20 |
| 2020-09-05 |     8 |
| 2020-09-06 |   259 |
| 2020-09-06 |   262 |
| 2020-09-06 |   265 |
| 2020-09-06 |   111 |
| 2020-09-06 |   171 |
| 2020-09-06 |   258 |
| 2020-09-06 |   257 |
| 2020-09-06 |   248 |
| 2020-09-06 |   149 |
| 2020-09-06 |   256 |
| 2020-09-06 |     7 |
| 2020-09-06 |   247 |
| 2020-09-06 |    31 |
| 2020-09-06 |   237 |
| 2020-09-06 |    52 |
| 2020-09-06 |   154 |
| 2020-09-06 |   251 |
| 2020-09-06 |   196 |
| 2020-09-06 |    20 |
| 2020-09-06 |    39 |
| 2020-09-06 |    50 |
| 2020-09-06 |   108 |
| 2020-09-06 |   266 |
| 2020-09-06 |    56 |
| 2020-09-06 |   104 |
| 2020-09-06 |    91 |
| 2020-09-06 |   109 |
| 2020-09-06 |   155 |
| 2020-09-06 |   131 |
| 2020-09-06 |    27 |
| 2020-09-06 |   218 |
| 2020-09-06 |   267 |
| 2020-09-06 |   211 |
| 2020-09-07 |   265 |
| 2020-09-07 |   259 |
| 2020-09-07 |   171 |
| 2020-09-07 |    31 |
| 2020-09-07 |   248 |
| 2020-09-07 |   108 |
| 2020-09-07 |   257 |
| 2020-09-07 |   256 |
| 2020-09-07 |   251 |
| 2020-09-07 |    20 |
| 2020-09-07 |   111 |
| 2020-09-07 |   237 |
| 2020-09-07 |   196 |
| 2020-09-07 |   175 |
| 2020-09-07 |   247 |
| 2020-09-07 |     7 |
| 2020-09-07 |    52 |
| 2020-09-07 |   266 |
| 2020-09-07 |   170 |
| 2020-09-07 |   146 |
| 2020-09-07 |   261 |
| 2020-09-07 |   166 |
| 2020-09-07 |   211 |
| 2020-09-07 |    30 |
| 2020-09-07 |    39 |
| 2020-09-07 |   155 |
| 2020-09-07 |   258 |
| 2020-09-07 |   109 |
| 2020-09-07 |   262 |
| 2020-09-07 |    50 |
| 2020-09-08 |   265 |
| 2020-09-08 |   259 |
| 2020-09-08 |   108 |
| 2020-09-08 |    50 |
| 2020-09-08 |    39 |
| 2020-09-08 |   256 |
| 2020-09-08 |   171 |
| 2020-09-08 |   111 |
| 2020-09-08 |   257 |
| 2020-09-08 |     7 |
| 2020-09-08 |    31 |
| 2020-09-08 |   196 |
| 2020-09-08 |   247 |
| 2020-09-08 |   154 |
| 2020-09-08 |   251 |
| 2020-09-08 |   237 |
| 2020-09-08 |   262 |
| 2020-09-08 |   211 |
| 2020-09-08 |   133 |
| 2020-09-08 |   266 |
| 2020-09-08 |   248 |
| 2020-09-08 |   109 |
| 2020-09-08 |    52 |
| 2020-09-09 |   265 |
| 2020-09-09 |   258 |
| 2020-09-09 |    31 |
| 2020-09-09 |   259 |
| 2020-09-09 |   171 |
| 2020-09-09 |   261 |
| 2020-09-09 |    53 |
| 2020-09-09 |   257 |
| 2020-09-09 |   203 |
| 2020-09-09 |   111 |
| 2020-09-09 |   262 |
| 2020-09-09 |   256 |
| 2020-09-09 |   251 |
| 2020-09-09 |   247 |
| 2020-09-09 |   196 |
| 2020-09-09 |   237 |
| 2020-09-09 |   211 |
| 2020-09-09 |   266 |
| 2020-09-09 |    39 |
| 2020-09-09 |   204 |
| 2020-09-09 |   155 |
| 2020-09-09 |   248 |
| 2020-09-09 |   108 |
| 2020-09-09 |   250 |
| 2020-09-09 |    52 |
| 2020-09-09 |     8 |
| 2020-09-09 |   109 |
| 2020-09-10 |   259 |
| 2020-09-10 |   265 |
| 2020-09-10 |   256 |
| 2020-09-10 |    53 |
| 2020-09-10 |   262 |
| 2020-09-10 |   261 |
| 2020-09-10 |   257 |
| 2020-09-10 |    31 |
| 2020-09-10 |   196 |
| 2020-09-10 |   247 |
| 2020-09-10 |   111 |
| 2020-09-10 |     7 |
| 2020-09-10 |    38 |
| 2020-09-10 |   251 |
| 2020-09-10 |   266 |
| 2020-09-10 |   126 |
| 2020-09-10 |   108 |
| 2020-09-10 |   267 |
| 2020-09-10 |    84 |
| 2020-09-10 |   109 |
| 2020-09-10 |   248 |
| 2020-09-10 |    39 |
| 2020-09-10 |   155 |
| 2020-09-10 |    50 |
| 2020-09-10 |   213 |
| 2020-09-10 |   128 |
| 2020-09-11 |    31 |
| 2020-09-11 |   256 |
| 2020-09-11 |   211 |
| 2020-09-11 |    53 |
| 2020-09-11 |    84 |
| 2020-09-11 |   265 |
| 2020-09-11 |   259 |
| 2020-09-11 |   171 |
| 2020-09-11 |   257 |
| 2020-09-11 |   111 |
| 2020-09-11 |     7 |
| 2020-09-11 |   251 |
| 2020-09-11 |   196 |
| 2020-09-11 |   156 |
| 2020-09-11 |   247 |
| 2020-09-11 |   237 |
| 2020-09-11 |   261 |
| 2020-09-11 |   266 |
| 2020-09-11 |   262 |
| 2020-09-11 |    39 |
| 2020-09-11 |   139 |
| 2020-09-11 |   248 |
| 2020-09-11 |   155 |
| 2020-09-11 |    52 |
| 2020-09-11 |    54 |
| 2020-09-11 |   109 |
| 2020-09-11 |   267 |
| 2020-09-12 |   259 |
| 2020-09-12 |   261 |
| 2020-09-12 |   250 |
| 2020-09-12 |   265 |
| 2020-09-12 |    53 |
| 2020-09-12 |   171 |
| 2020-09-12 |   111 |
| 2020-09-12 |     7 |
| 2020-09-12 |   257 |
| 2020-09-12 |   256 |
| 2020-09-12 |    31 |
| 2020-09-12 |   247 |
| 2020-09-12 |   196 |
| 2020-09-12 |   251 |
| 2020-09-12 |    39 |
| 2020-09-12 |   237 |
| 2020-09-12 |   262 |
| 2020-09-12 |   266 |
| 2020-09-12 |    67 |
| 2020-09-12 |    84 |
| 2020-09-12 |   248 |
| 2020-09-12 |   192 |
| 2020-09-12 |   109 |
| 2020-09-12 |   105 |
| 2020-09-12 |   154 |
| 2020-09-12 |   258 |
| 2020-09-12 |   155 |
| 2020-09-12 |   211 |
| 2020-09-13 |   265 |
| 2020-09-13 |   259 |
| 2020-09-13 |   256 |
| 2020-09-13 |   171 |
| 2020-09-13 |   257 |
| 2020-09-13 |   111 |
| 2020-09-13 |    31 |
| 2020-09-13 |    53 |
| 2020-09-13 |   251 |
| 2020-09-13 |   262 |
| 2020-09-13 |   247 |
| 2020-09-13 |   248 |
| 2020-09-13 |   196 |
| 2020-09-13 |   258 |
| 2020-09-13 |   266 |
| 2020-09-13 |    39 |
| 2020-09-13 |     7 |
| 2020-09-13 |   155 |
| 2020-09-13 |   268 |
| 2020-09-13 |    84 |
| 2020-09-13 |   108 |
| 2020-09-13 |   154 |
| 2020-09-13 |   109 |
| 2020-09-13 |   165 |
| 2020-09-13 |    52 |
| 2020-09-13 |    19 |
| 2020-09-13 |   211 |
| 2020-09-14 |    84 |
| 2020-09-14 |   259 |
| 2020-09-14 |    31 |
| 2020-09-14 |   262 |
| 2020-09-14 |   171 |
| 2020-09-14 |    53 |
| 2020-09-14 |   265 |
| 2020-09-14 |   257 |
| 2020-09-14 |   111 |
| 2020-09-14 |     7 |
| 2020-09-14 |   256 |
| 2020-09-14 |   251 |
| 2020-09-14 |   196 |
| 2020-09-14 |   247 |
| 2020-09-14 |   266 |
| 2020-09-14 |   139 |
| 2020-09-14 |   237 |
| 2020-09-14 |   261 |
| 2020-09-14 |   155 |
| 2020-09-14 |   248 |
| 2020-09-14 |     8 |
| 2020-09-14 |    39 |
| 2020-09-14 |   253 |
| 2020-09-14 |   109 |
| 2020-09-14 |   211 |
| 2020-09-14 |    40 |
| 2020-09-14 |   108 |
| 2020-09-14 |   173 |
| 2020-09-15 |   173 |
| 2020-09-15 |   262 |
| 2020-09-15 |   259 |
| 2020-09-15 |     8 |
| 2020-09-15 |   265 |
| 2020-09-15 |    53 |
| 2020-09-15 |   171 |
| 2020-09-15 |   111 |
| 2020-09-15 |   257 |
| 2020-09-15 |   256 |
| 2020-09-15 |    31 |
| 2020-09-15 |   196 |
| 2020-09-15 |   247 |
| 2020-09-15 |   139 |
| 2020-09-15 |   251 |
| 2020-09-15 |   266 |
| 2020-09-15 |   248 |
| 2020-09-15 |    30 |
| 2020-09-15 |   105 |
| 2020-09-15 |    39 |
| 2020-09-15 |   109 |
| 2020-09-15 |   214 |
| 2020-09-15 |   211 |
| 2020-09-15 |   108 |
| 2020-09-16 |   108 |
| 2020-09-16 |   248 |
| 2020-09-16 |   261 |
| 2020-09-16 |   265 |
| 2020-09-16 |   262 |
| 2020-09-16 |   171 |
| 2020-09-16 |   259 |
| 2020-09-16 |   257 |
| 2020-09-16 |    31 |
| 2020-09-16 |   247 |
| 2020-09-16 |   196 |
| 2020-09-16 |   256 |
| 2020-09-16 |   251 |
| 2020-09-16 |   266 |
| 2020-09-16 |   237 |
| 2020-09-16 |   139 |
| 2020-09-16 |   193 |
| 2020-09-16 |    53 |
| 2020-09-16 |    77 |
| 2020-09-16 |   111 |
| 2020-09-16 |   155 |
| 2020-09-16 |   258 |
| 2020-09-16 |    39 |
| 2020-09-16 |   267 |
| 2020-09-16 |   109 |
| 2020-09-16 |   211 |
| 2020-09-17 |   109 |
| 2020-09-17 |   211 |
| 2020-09-17 |   108 |
| 2020-09-17 |   265 |
| 2020-09-17 |   256 |
| 2020-09-17 |    53 |
| 2020-09-17 |    40 |
| 2020-09-17 |   259 |
| 2020-09-17 |   248 |
| 2020-09-17 |   171 |
| 2020-09-17 |   173 |
| 2020-09-17 |   262 |
| 2020-09-17 |   257 |
| 2020-09-17 |    31 |
| 2020-09-17 |   111 |
| 2020-09-17 |   247 |
| 2020-09-17 |   196 |
| 2020-09-17 |   251 |
| 2020-09-17 |   266 |
| 2020-09-17 |   139 |
| 2020-09-17 |   113 |
| 2020-09-17 |   237 |
| 2020-09-17 |    36 |
| 2020-09-17 |   190 |
| 2020-09-17 |    83 |
| 2020-09-17 |   155 |
| 2020-09-17 |   258 |
| 2020-09-17 |    16 |
| 2020-09-18 |   265 |
| 2020-09-18 |   261 |
| 2020-09-18 |   259 |
| 2020-09-18 |   171 |
| 2020-09-18 |   176 |
| 2020-09-18 |   262 |
| 2020-09-18 |   257 |
| 2020-09-18 |   256 |
| 2020-09-18 |    31 |
| 2020-09-18 |   251 |
| 2020-09-18 |   196 |
| 2020-09-18 |   247 |
| 2020-09-18 |   266 |
| 2020-09-18 |   139 |
| 2020-09-18 |   220 |
| 2020-09-18 |    13 |
| 2020-09-18 |    25 |
| 2020-09-18 |   248 |
| 2020-09-18 |   258 |
| 2020-09-18 |   155 |
| 2020-09-18 |    39 |
| 2020-09-18 |   246 |
| 2020-09-18 |   211 |
| 2020-09-19 |   257 |
| 2020-09-19 |   265 |
| 2020-09-19 |   256 |
| 2020-09-19 |   259 |
| 2020-09-19 |   171 |
| 2020-09-19 |    31 |
| 2020-09-19 |   237 |
| 2020-09-19 |   251 |
| 2020-09-19 |   196 |
| 2020-09-19 |   247 |
| 2020-09-19 |   261 |
| 2020-09-19 |   139 |
| 2020-09-19 |   266 |
| 2020-09-19 |   188 |
| 2020-09-19 |   267 |
| 2020-09-19 |   227 |
| 2020-09-19 |    30 |
| 2020-09-19 |   226 |
| 2020-09-19 |   262 |
| 2020-09-19 |   155 |
| 2020-09-19 |   108 |
| 2020-09-19 |   123 |
| 2020-09-19 |    26 |
| 2020-09-19 |   258 |
| 2020-09-19 |   248 |
| 2020-09-19 |   211 |
| 2020-09-20 |   265 |
| 2020-09-20 |   259 |
| 2020-09-20 |    39 |
| 2020-09-20 |   257 |
| 2020-09-20 |    31 |
| 2020-09-20 |   256 |
| 2020-09-20 |   196 |
| 2020-09-20 |   247 |
| 2020-09-20 |   231 |
| 2020-09-20 |    68 |
| 2020-09-20 |   251 |
| 2020-09-20 |   266 |
| 2020-09-20 |   262 |
| 2020-09-20 |   258 |
| 2020-09-20 |   123 |
| 2020-09-20 |    62 |
| 2020-09-20 |   237 |
| 2020-09-20 |   261 |
| 2020-09-20 |   248 |
| 2020-09-20 |   217 |
| 2020-09-20 |   216 |
| 2020-09-20 |    52 |
| 2020-09-20 |   191 |
| 2020-09-20 |    33 |
| 2020-09-20 |   211 |
| 2020-09-20 |   109 |
| 2020-09-21 |   262 |
| 2020-09-21 |   259 |
| 2020-09-21 |   265 |
| 2020-09-21 |    39 |
| 2020-09-21 |   258 |
| 2020-09-21 |   257 |
| 2020-09-21 |    31 |
| 2020-09-21 |   247 |
| 2020-09-21 |    33 |
| 2020-09-21 |   251 |
| 2020-09-21 |   256 |
| 2020-09-21 |    50 |
| 2020-09-21 |   266 |
| 2020-09-21 |   117 |
| 2020-09-21 |    30 |
| 2020-09-21 |   155 |
| 2020-09-21 |   123 |
| 2020-09-21 |   154 |
| 2020-09-21 |   163 |
| 2020-09-21 |   248 |
| 2020-09-21 |   267 |
| 2020-09-21 |   232 |
| 2020-09-21 |   109 |
| 2020-09-21 |   211 |
| 2020-09-22 |   248 |
| 2020-09-22 |   259 |
| 2020-09-22 |   256 |
| 2020-09-22 |   171 |
| 2020-09-22 |   155 |
| 2020-09-22 |   265 |
| 2020-09-22 |   262 |
| 2020-09-22 |   238 |
| 2020-09-22 |   257 |
| 2020-09-22 |   111 |
| 2020-09-22 |   247 |
| 2020-09-22 |    31 |
| 2020-09-22 |    30 |
| 2020-09-22 |    33 |
| 2020-09-22 |   266 |
| 2020-09-22 |   251 |
| 2020-09-22 |   145 |
| 2020-09-22 |   237 |
| 2020-09-22 |    39 |
| 2020-09-22 |    52 |
| 2020-09-22 |   261 |
| 2020-09-22 |    44 |
| 2020-09-22 |   109 |
| 2020-09-22 |   211 |
| 2020-09-22 |   221 |
| 2020-09-22 |    10 |
| 2020-09-22 |   154 |
| 2020-09-23 |   265 |
| 2020-09-23 |   259 |
| 2020-09-23 |   251 |
| 2020-09-23 |   262 |
| 2020-09-23 |   256 |
| 2020-09-23 |   171 |
| 2020-09-23 |   257 |
| 2020-09-23 |   111 |
| 2020-09-23 |    31 |
| 2020-09-23 |    33 |
| 2020-09-23 |   247 |
| 2020-09-23 |   231 |
| 2020-09-23 |   126 |
| 2020-09-23 |   266 |
| 2020-09-23 |   139 |
| 2020-09-23 |   155 |
| 2020-09-23 |    10 |
| 2020-09-23 |   258 |
| 2020-09-23 |    39 |
| 2020-09-23 |   109 |
| 2020-09-24 |   265 |
| 2020-09-24 |   211 |
| 2020-09-24 |   259 |
| 2020-09-24 |   256 |
| 2020-09-24 |   257 |
| 2020-09-24 |   237 |
| 2020-09-24 |    31 |
| 2020-09-24 |   247 |
| 2020-09-24 |    33 |
| 2020-09-24 |   251 |
| 2020-09-24 |   266 |
| 2020-09-24 |   160 |
| 2020-09-24 |    78 |
| 2020-09-24 |   262 |
| 2020-09-24 |   139 |
| 2020-09-24 |    10 |
| 2020-09-24 |    30 |
| 2020-09-24 |   248 |
| 2020-09-24 |   239 |
| 2020-09-25 |   265 |
| 2020-09-25 |   187 |
| 2020-09-25 |   259 |
| 2020-09-25 |   109 |
| 2020-09-25 |   251 |
| 2020-09-25 |   262 |
| 2020-09-25 |    39 |
| 2020-09-25 |   257 |
| 2020-09-25 |   256 |
| 2020-09-25 |    31 |
| 2020-09-25 |    33 |
| 2020-09-25 |   247 |
| 2020-09-25 |   211 |
| 2020-09-25 |     6 |
| 2020-09-25 |   219 |
| 2020-09-25 |   168 |
| 2020-09-25 |   139 |
| 2020-09-25 |     8 |
| 2020-09-25 |    73 |
| 2020-09-25 |    10 |
| 2020-09-25 |   248 |
| 2020-09-25 |   183 |
| 2020-09-26 |   259 |
| 2020-09-26 |   265 |
| 2020-09-26 |   211 |
| 2020-09-26 |    31 |
| 2020-09-26 |   224 |
| 2020-09-26 |   262 |
| 2020-09-26 |   256 |
| 2020-09-26 |   257 |
| 2020-09-26 |    87 |
| 2020-09-26 |   189 |
| 2020-09-26 |    33 |
| 2020-09-26 |   251 |
| 2020-09-26 |   261 |
| 2020-09-26 |   247 |
| 2020-09-26 |   266 |
| 2020-09-26 |    10 |
| 2020-09-26 |   109 |
| 2020-09-26 |    54 |
| 2020-09-26 |   172 |
| 2020-09-26 |   248 |
| 2020-09-26 |    39 |
| 2020-09-26 |   209 |
| 2020-09-26 |   177 |
| 2020-09-26 |   258 |
| 2020-09-27 |   155 |
| 2020-09-27 |   259 |
| 2020-09-27 |   265 |
| 2020-09-27 |   248 |
| 2020-09-27 |   257 |
| 2020-09-27 |   111 |
| 2020-09-27 |   256 |
| 2020-09-27 |    31 |
| 2020-09-27 |   247 |
| 2020-09-27 |     2 |
| 2020-09-27 |   251 |
| 2020-09-27 |    10 |
| 2020-09-27 |   109 |
| 2020-09-27 |   262 |
| 2020-09-27 |    33 |
| 2020-09-27 |   174 |
| 2020-09-27 |   266 |
| 2020-09-27 |   226 |
| 2020-09-27 |   258 |
| 2020-09-27 |    49 |
| 2020-09-27 |   261 |
| 2020-09-27 |    39 |
| 2020-09-27 |   211 |
| 2020-09-28 |   256 |
| 2020-09-28 |   265 |
| 2020-09-28 |    31 |
| 2020-09-28 |   257 |
| 2020-09-28 |   155 |
| 2020-09-28 |   259 |
| 2020-09-28 |   261 |
| 2020-09-28 |   262 |
| 2020-09-28 |   174 |
| 2020-09-28 |   237 |
| 2020-09-28 |   111 |
| 2020-09-28 |   251 |
| 2020-09-28 |    33 |
| 2020-09-28 |   247 |
| 2020-09-28 |   139 |
| 2020-09-28 |   248 |
| 2020-09-28 |    49 |
| 2020-09-28 |    10 |
| 2020-09-28 |   258 |
| 2020-09-28 |   267 |
| 2020-09-28 |    39 |
| 2020-09-28 |   109 |
| 2020-09-29 |   265 |
| 2020-09-29 |   259 |
| 2020-09-29 |   256 |
| 2020-09-29 |   211 |
| 2020-09-29 |   174 |
| 2020-09-29 |   257 |
| 2020-09-29 |   262 |
| 2020-09-29 |   111 |
| 2020-09-29 |    31 |
| 2020-09-29 |    33 |
| 2020-09-29 |   247 |
| 2020-09-29 |   251 |
| 2020-09-29 |   139 |
| 2020-09-29 |    63 |
| 2020-09-29 |   229 |
| 2020-09-29 |   155 |
| 2020-09-29 |   248 |
| 2020-09-29 |    10 |
| 2020-09-29 |   266 |
| 2020-09-29 |    13 |
| 2020-09-29 |   249 |
| 2020-09-29 |    39 |
| 2020-09-29 |   109 |
| 2020-09-30 |   265 |
| 2020-09-30 |   262 |
| 2020-09-30 |   256 |
| 2020-09-30 |   259 |
| 2020-09-30 |   248 |
| 2020-09-30 |   257 |
| 2020-09-30 |    31 |
| 2020-09-30 |   251 |
| 2020-09-30 |   247 |
| 2020-09-30 |    33 |
| 2020-09-30 |   266 |
| 2020-09-30 |   139 |
+------------+-------+
1593 rows in set (0.05 sec)



件数も確認したい場合
これで日付・mn_idごとのレコード数がわかる

SELECT
    -> DATE(time) AS date,
    ->     mn_id,
    ->     COUNT(*) AS cnt
    -> FROM
    ->     acts_output
    -> GROUP BY
    ->     date, mn_id;
+------------+-------+------+
| date       | mn_id | cnt  |
+------------+-------+------+
| 2020-08-01 |   259 |   57 |
| 2020-08-01 |   256 |   78 |
| 2020-08-01 |   262 |   21 |
| 2020-08-01 |   265 |   82 |
| 2020-08-01 |    31 |  704 |
| 2020-08-01 |   261 |   21 |
| 2020-08-01 |   257 |  256 |
| 2020-08-01 |   247 |   47 |
| 2020-08-01 |   175 |   30 |
| 2020-08-01 |   196 |  547 |
| 2020-08-01 |   237 |   35 |
| 2020-08-01 |   178 |   13 |
| 2020-08-01 |   211 |   14 |
| 2020-08-01 |   122 |   25 |
| 2020-08-01 |   248 |   25 |
| 2020-08-01 |    97 |   37 |
| 2020-08-01 |   152 |   32 |
| 2020-08-01 |   154 |    8 |
| 2020-08-01 |    93 |   43 |
| 2020-08-01 |   164 |   25 |
| 2020-08-01 |   101 |   29 |
| 2020-08-02 |   259 |   85 |
| 2020-08-02 |   265 |  209 |
| 2020-08-02 |   256 |  124 |
| 2020-08-02 |   211 |  153 |
| 2020-08-02 |   262 |   68 |
| 2020-08-02 |   155 |   19 |
| 2020-08-02 |   237 |   54 |
| 2020-08-02 |   263 |  209 |
| 2020-08-02 |   267 |   81 |
| 2020-08-02 |   257 |  140 |
| 2020-08-02 |   264 | 1676 |
| 2020-08-02 |    31 |   90 |
| 2020-08-02 |   247 |   40 |
| 2020-08-02 |   248 |   29 |
| 2020-08-02 |   175 |   25 |
| 2020-08-02 |   154 |   12 |
| 2020-08-02 |   266 |   72 |
| 2020-08-02 |   258 |  219 |
| 2020-08-02 |   196 |  131 |
| 2020-08-02 |     8 |  150 |
| 2020-08-02 |    97 |    1 |
| 2020-08-02 |   261 |   12 |
| 2020-08-03 |   265 |  164 |
| 2020-08-03 |   262 |  101 |
| 2020-08-03 |   256 |   92 |
| 2020-08-03 |   211 |   20 |
| 2020-08-03 |   259 |   42 |
| 2020-08-03 |   237 |   98 |
| 2020-08-03 |   264 |   32 |
| 2020-08-03 |   155 |   14 |
| 2020-08-03 |   257 |  182 |
| 2020-08-03 |    31 |   76 |
| 2020-08-03 |    45 |   19 |
| 2020-08-03 |   247 |   40 |
| 2020-08-03 |   175 |   11 |
| 2020-08-03 |   196 |  554 |
| 2020-08-03 |   261 |    1 |
| 2020-08-03 |   266 |  101 |
| 2020-08-03 |    27 |   46 |
| 2020-08-03 |   200 |  347 |
| 2020-08-03 |    24 |   12 |
| 2020-08-03 |   154 |   21 |
| 2020-08-03 |   248 |   13 |
| 2020-08-04 |   256 |  199 |
| 2020-08-04 |   259 |   80 |
| 2020-08-04 |   262 |  168 |
| 2020-08-04 |   261 |   77 |
| 2020-08-04 |   263 |   34 |
| 2020-08-04 |   264 |    4 |
| 2020-08-04 |   155 |   13 |
| 2020-08-04 |   257 |  139 |
| 2020-08-04 |   237 |   62 |
| 2020-08-04 |   265 |   78 |
| 2020-08-04 |    31 |  144 |
| 2020-08-04 |   247 |   28 |
| 2020-08-04 |    89 |  305 |
| 2020-08-04 |   196 |  345 |
| 2020-08-04 |   207 |   90 |
| 2020-08-04 |   175 |   15 |
| 2020-08-04 |   258 |   37 |
| 2020-08-04 |   200 |  234 |
| 2020-08-04 |   211 |   13 |
| 2020-08-04 |   266 |   99 |
| 2020-08-04 |   153 |   27 |
| 2020-08-04 |    65 |   62 |
| 2020-08-04 |   248 |   12 |
| 2020-08-04 |   267 |   13 |
| 2020-08-05 |   262 |  117 |
| 2020-08-05 |    27 |   40 |
| 2020-08-05 |   265 |   84 |
| 2020-08-05 |   259 |   50 |
| 2020-08-05 |   200 |  110 |
| 2020-08-05 |   155 |   47 |
| 2020-08-05 |   257 |  293 |
| 2020-08-05 |   237 |   77 |
| 2020-08-05 |   256 |  115 |
| 2020-08-05 |   263 |   68 |
| 2020-08-05 |    31 |  151 |
| 2020-08-05 |   247 |   41 |
| 2020-08-05 |   196 |  237 |
| 2020-08-05 |   211 |   32 |
| 2020-08-05 |    65 |    6 |
| 2020-08-05 |   266 |   67 |
| 2020-08-05 |   207 |    7 |
| 2020-08-05 |   141 |   63 |
| 2020-08-05 |   267 |   57 |
| 2020-08-05 |   161 |   76 |
| 2020-08-05 |    60 |   20 |
| 2020-08-05 |   175 |   38 |
| 2020-08-05 |   154 |    5 |
| 2020-08-05 |    18 |    4 |
| 2020-08-05 |   248 |   33 |
| 2020-08-05 |   258 |   77 |
| 2020-08-06 |   256 |  270 |
| 2020-08-06 |   259 |  158 |
| 2020-08-06 |   261 |  179 |
| 2020-08-06 |   262 |   29 |
| 2020-08-06 |   265 |  110 |
| 2020-08-06 |   257 |  139 |
| 2020-08-06 |    31 |  142 |
| 2020-08-06 |   247 |   47 |
| 2020-08-06 |   196 |  363 |
| 2020-08-06 |   200 |  100 |
| 2020-08-06 |   211 |   92 |
| 2020-08-06 |   266 |  225 |
| 2020-08-06 |   263 |   64 |
| 2020-08-06 |     8 |  153 |
| 2020-08-06 |   237 |   61 |
| 2020-08-06 |   154 |   19 |
| 2020-08-06 |   248 |   22 |
| 2020-08-06 |   155 |   14 |
| 2020-08-06 |   175 |   12 |
| 2020-08-07 |   265 |   41 |
| 2020-08-07 |    31 |  271 |
| 2020-08-07 |   262 |   92 |
| 2020-08-07 |   259 |   60 |
| 2020-08-07 |   261 |   31 |
| 2020-08-07 |   263 |   30 |
| 2020-08-07 |   257 |  173 |
| 2020-08-07 |   256 |  314 |
| 2020-08-07 |   196 |  130 |
| 2020-08-07 |   247 |   30 |
| 2020-08-07 |   211 |   14 |
| 2020-08-07 |   237 |  116 |
| 2020-08-07 |   266 |   65 |
| 2020-08-07 |   154 |    2 |
| 2020-08-07 |   248 |   45 |
| 2020-08-07 |   267 |   42 |
| 2020-08-07 |    27 |    1 |
| 2020-08-07 |    18 |    6 |
| 2020-08-07 |   258 |   38 |
| 2020-08-07 |   175 |   15 |
| 2020-08-08 |   265 |  294 |
| 2020-08-08 |    76 |   30 |
| 2020-08-08 |   211 |   12 |
| 2020-08-08 |   259 |   30 |
| 2020-08-08 |   261 |  155 |
| 2020-08-08 |   110 |   31 |
| 2020-08-08 |   258 |   24 |
| 2020-08-08 |   171 |   81 |
| 2020-08-08 |   257 |  114 |
| 2020-08-08 |   256 |  405 |
| 2020-08-08 |   247 |   27 |
| 2020-08-08 |    31 | 1086 |
| 2020-08-08 |   196 |   75 |
| 2020-08-08 |   175 |   20 |
| 2020-08-08 |   262 |   37 |
| 2020-08-08 |   237 |   84 |
| 2020-08-08 |   248 |   23 |
| 2020-08-08 |   154 |   45 |
| 2020-08-08 |   263 |   15 |
| 2020-08-08 |    48 |   59 |
| 2020-08-08 |    18 |    2 |
| 2020-08-08 |    27 |    7 |
| 2020-08-08 |   236 |   25 |
| 2020-08-09 |   259 |  201 |
| 2020-08-09 |   171 |   55 |
| 2020-08-09 |   265 |  256 |
| 2020-08-09 |   248 |   34 |
| 2020-08-09 |   262 |  112 |
| 2020-08-09 |   263 |   15 |
| 2020-08-09 |   147 |   19 |
| 2020-08-09 |    27 |    3 |
| 2020-08-09 |   211 |   17 |
| 2020-08-09 |   257 |  208 |
| 2020-08-09 |    31 |   91 |
| 2020-08-09 |   256 |  250 |
| 2020-08-09 |   247 |   45 |
| 2020-08-09 |   196 |  414 |
| 2020-08-09 |   237 |   85 |
| 2020-08-09 |   258 |    7 |
| 2020-08-09 |    48 |   59 |
| 2020-08-09 |   130 |   16 |
| 2020-08-09 |   175 |   51 |
| 2020-08-09 |   127 |   17 |
| 2020-08-09 |   136 |   17 |
| 2020-08-09 |     8 |   32 |
| 2020-08-09 |    29 |   22 |
| 2020-08-09 |   143 |   17 |
| 2020-08-09 |   228 |   20 |
| 2020-08-09 |   261 |  131 |
| 2020-08-09 |   266 |   49 |
| 2020-08-10 |   265 |  142 |
| 2020-08-10 |   171 |   20 |
| 2020-08-10 |    31 |  143 |
| 2020-08-10 |   259 |  394 |
| 2020-08-10 |   237 |   90 |
| 2020-08-10 |   262 |   38 |
| 2020-08-10 |   257 |  199 |
| 2020-08-10 |   155 |   44 |
| 2020-08-10 |   256 |  447 |
| 2020-08-10 |    22 |   17 |
| 2020-08-10 |   196 |  123 |
| 2020-08-10 |   247 |   41 |
| 2020-08-10 |   248 |   34 |
| 2020-08-10 |    48 |  115 |
| 2020-08-10 |   261 |   60 |
| 2020-08-10 |   258 |   79 |
| 2020-08-10 |   266 |   65 |
| 2020-08-10 |   154 |    9 |
| 2020-08-10 |   267 |   29 |
| 2020-08-10 |   143 |    4 |
| 2020-08-10 |   162 |   40 |
| 2020-08-10 |   175 |   22 |
| 2020-08-11 |    80 |    4 |
| 2020-08-11 |   259 |   57 |
| 2020-08-11 |   171 |   14 |
| 2020-08-11 |     8 |  344 |
| 2020-08-11 |   262 |   54 |
| 2020-08-11 |   261 |   45 |
| 2020-08-11 |   257 |  263 |
| 2020-08-11 |    31 |   89 |
| 2020-08-11 |   256 |  207 |
| 2020-08-11 |   265 |   71 |
| 2020-08-11 |   237 |  103 |
| 2020-08-11 |   258 |    6 |
| 2020-08-11 |   247 |   53 |
| 2020-08-11 |   196 |  242 |
| 2020-08-11 |   162 |  829 |
| 2020-08-11 |   266 |   68 |
| 2020-08-11 |   211 |   10 |
| 2020-08-11 |   248 |   42 |
| 2020-08-11 |   154 |   25 |
| 2020-08-11 |    35 |   22 |
| 2020-08-11 |    98 |   41 |
| 2020-08-11 |    51 |    8 |
| 2020-08-11 |   155 |   19 |
| 2020-08-12 |     8 |   12 |
| 2020-08-12 |   265 |  266 |
| 2020-08-12 |    31 |  360 |
| 2020-08-12 |   262 |  275 |
| 2020-08-12 |   263 |   13 |
| 2020-08-12 |   171 |    8 |
| 2020-08-12 |   248 |   45 |
| 2020-08-12 |   261 |   73 |
| 2020-08-12 |   267 |   61 |
| 2020-08-12 |   257 |  264 |
| 2020-08-12 |   256 |  330 |
| 2020-08-12 |    75 |   17 |
| 2020-08-12 |   237 |  107 |
| 2020-08-12 |   247 |   36 |
| 2020-08-12 |   196 |  252 |
| 2020-08-12 |   175 |   29 |
| 2020-08-12 |   162 |  190 |
| 2020-08-12 |    51 |   51 |
| 2020-08-12 |   211 |   58 |
| 2020-08-12 |   154 |    6 |
| 2020-08-12 |   266 |   59 |
| 2020-08-12 |   259 |   42 |
| 2020-08-12 |    27 |    3 |
| 2020-08-12 |   198 |    4 |
| 2020-08-13 |    31 |  125 |
| 2020-08-13 |   262 |   38 |
| 2020-08-13 |   265 |   96 |
| 2020-08-13 |   259 |   44 |
| 2020-08-13 |   155 |   32 |
| 2020-08-13 |   171 |    7 |
| 2020-08-13 |   257 |  254 |
| 2020-08-13 |   237 |  123 |
| 2020-08-13 |   256 |  183 |
| 2020-08-13 |   261 |   44 |
| 2020-08-13 |   247 |   43 |
| 2020-08-13 |   196 |   71 |
| 2020-08-13 |   248 |   32 |
| 2020-08-13 |   266 |   90 |
| 2020-08-13 |   211 |    9 |
| 2020-08-13 |   162 |  208 |
| 2020-08-13 |   223 |    8 |
| 2020-08-13 |   108 |  357 |
| 2020-08-13 |   120 |   31 |
| 2020-08-13 |    37 |   21 |
| 2020-08-13 |   142 |   16 |
| 2020-08-13 |   175 |   25 |
| 2020-08-13 |    99 |   29 |
| 2020-08-13 |   267 |   64 |
| 2020-08-13 |   100 |   27 |
| 2020-08-13 |    43 |   19 |
| 2020-08-13 |    42 |   23 |
| 2020-08-13 |    21 |    6 |
| 2020-08-13 |   152 |    1 |
| 2020-08-13 |   181 |   31 |
| 2020-08-13 |   151 |   53 |
| 2020-08-13 |    68 |   45 |
| 2020-08-13 |   109 |  168 |
| 2020-08-13 |   251 |  364 |
| 2020-08-13 |    72 |   70 |
| 2020-08-13 |    86 |   12 |
| 2020-08-13 |   158 |   25 |
| 2020-08-13 |   233 |    3 |
| 2020-08-13 |    85 |   22 |
| 2020-08-14 |   211 |   16 |
| 2020-08-14 |   265 |  187 |
| 2020-08-14 |   180 |   36 |
| 2020-08-14 |   259 |  142 |
| 2020-08-14 |   171 |    8 |
| 2020-08-14 |   237 |  200 |
| 2020-08-14 |    31 |  121 |
| 2020-08-14 |   144 |    4 |
| 2020-08-14 |   262 |  116 |
| 2020-08-14 |    74 |   20 |
| 2020-08-14 |   134 |  206 |
| 2020-08-14 |   257 |  241 |
| 2020-08-14 |   256 |  181 |
| 2020-08-14 |   261 |   61 |
| 2020-08-14 |   247 |   27 |
| 2020-08-14 |   196 |  171 |
| 2020-08-14 |   266 |   78 |
| 2020-08-14 |   175 |    4 |
| 2020-08-14 |   182 |   98 |
| 2020-08-14 |   250 |  108 |
| 2020-08-14 |   248 |   29 |
| 2020-08-14 |   162 |  230 |
| 2020-08-14 |   108 |  864 |
| 2020-08-14 |   124 |   19 |
| 2020-08-14 |   251 |  311 |
| 2020-08-14 |   152 |    1 |
| 2020-08-14 |   258 |   47 |
| 2020-08-14 |    14 |   33 |
| 2020-08-14 |    27 |    3 |
| 2020-08-14 |    92 |    7 |
| 2020-08-14 |    96 |   18 |
| 2020-08-14 |   222 |   37 |
| 2020-08-14 |   154 |   23 |
| 2020-08-14 |    46 |   16 |
| 2020-08-14 |   132 |   59 |
| 2020-08-14 |    55 |    4 |
| 2020-08-14 |   178 |    2 |
| 2020-08-14 |    68 |   45 |
| 2020-08-14 |   267 |   27 |
| 2020-08-14 |     8 |   31 |
| 2020-08-15 |    55 |    1 |
| 2020-08-15 |   237 |   59 |
| 2020-08-15 |   257 |  147 |
| 2020-08-15 |   259 |  301 |
| 2020-08-15 |   155 |   17 |
| 2020-08-15 |   262 |  171 |
| 2020-08-15 |   171 |   10 |
| 2020-08-15 |   265 |  288 |
| 2020-08-15 |   208 |   20 |
| 2020-08-15 |   256 |  121 |
| 2020-08-15 |   251 |  196 |
| 2020-08-15 |   261 |   53 |
| 2020-08-15 |   196 |  135 |
| 2020-08-15 |    31 |  186 |
| 2020-08-15 |   247 |   29 |
| 2020-08-15 |   248 |   29 |
| 2020-08-15 |    12 |  147 |
| 2020-08-15 |   211 |   21 |
| 2020-08-15 |    11 |    9 |
| 2020-08-15 |   175 |   33 |
| 2020-08-15 |   266 |  125 |
| 2020-08-15 |   108 |  138 |
| 2020-08-15 |   182 |   71 |
| 2020-08-15 |   135 |    4 |
| 2020-08-15 |    23 |   29 |
| 2020-08-15 |    39 |  561 |
| 2020-08-15 |   152 |    6 |
| 2020-08-15 |    64 |  231 |
| 2020-08-15 |   162 |  193 |
| 2020-08-15 |   258 |   34 |
| 2020-08-15 |   148 |    8 |
| 2020-08-16 |   261 |   40 |
| 2020-08-16 |   259 |   76 |
| 2020-08-16 |     1 |    7 |
| 2020-08-16 |   262 |  337 |
| 2020-08-16 |   265 |  134 |
| 2020-08-16 |   256 |  213 |
| 2020-08-16 |   155 |   19 |
| 2020-08-16 |   184 |   15 |
| 2020-08-16 |   159 |  116 |
| 2020-08-16 |   108 |  127 |
| 2020-08-16 |   257 |  352 |
| 2020-08-16 |    39 |  245 |
| 2020-08-16 |    31 |  138 |
| 2020-08-16 |   237 |   53 |
| 2020-08-16 |   196 |  140 |
| 2020-08-16 |   247 |   38 |
| 2020-08-16 |   175 |   47 |
| 2020-08-16 |    70 |    6 |
| 2020-08-16 |   263 |   27 |
| 2020-08-16 |    32 |   57 |
| 2020-08-16 |   211 |   18 |
| 2020-08-16 |   162 |  239 |
| 2020-08-16 |   248 |   24 |
| 2020-08-16 |   243 |   36 |
| 2020-08-16 |   254 |  269 |
| 2020-08-16 |    52 |  280 |
| 2020-08-16 |    61 |  262 |
| 2020-08-16 |     8 |   72 |
| 2020-08-16 |    30 |  593 |
| 2020-08-16 |   107 |  228 |
| 2020-08-16 |   154 |   21 |
| 2020-08-16 |   118 |   20 |
| 2020-08-16 |   266 |  130 |
| 2020-08-16 |   251 |   34 |
| 2020-08-17 |    39 |  110 |
| 2020-08-17 |   265 |   50 |
| 2020-08-17 |   259 |   52 |
| 2020-08-17 |    30 |  253 |
| 2020-08-17 |   155 |   45 |
| 2020-08-17 |   248 |    4 |
| 2020-08-17 |   258 |   56 |
| 2020-08-17 |   262 |   89 |
| 2020-08-17 |   137 |    4 |
| 2020-08-17 |   211 |   22 |
| 2020-08-17 |    31 |  233 |
| 2020-08-17 |   257 |  187 |
| 2020-08-17 |   256 |  239 |
| 2020-08-17 |   237 |   48 |
| 2020-08-17 |   196 |  103 |
| 2020-08-17 |   247 |   32 |
| 2020-08-17 |   162 |  252 |
| 2020-08-17 |   154 |   13 |
| 2020-08-17 |   266 |  141 |
| 2020-08-17 |   251 |  161 |
| 2020-08-17 |   118 |    1 |
| 2020-08-17 |    52 |   72 |
| 2020-08-17 |    17 |   22 |
| 2020-08-17 |   108 |   43 |
| 2020-08-17 |   263 |   22 |
| 2020-08-17 |   267 |   20 |
| 2020-08-17 |    51 |    1 |
| 2020-08-18 |   256 |  144 |
| 2020-08-18 |   175 |   13 |
| 2020-08-18 |   259 |   75 |
| 2020-08-18 |   265 |  156 |
| 2020-08-18 |   171 |   21 |
| 2020-08-18 |    39 |  113 |
| 2020-08-18 |   261 |   22 |
| 2020-08-18 |   257 |  108 |
| 2020-08-18 |    31 |  148 |
| 2020-08-18 |    30 |   63 |
| 2020-08-18 |   247 |   39 |
| 2020-08-18 |   196 |   39 |
| 2020-08-18 |   114 |    3 |
| 2020-08-18 |    52 |  132 |
| 2020-08-18 |   266 |  114 |
| 2020-08-18 |    18 |    2 |
| 2020-08-18 |   251 |  190 |
| 2020-08-18 |   162 |   95 |
| 2020-08-18 |   237 |   52 |
| 2020-08-18 |     8 |   28 |
| 2020-08-18 |   154 |   45 |
| 2020-08-18 |   108 |   73 |
| 2020-08-18 |   262 |   33 |
| 2020-08-18 |   263 |   22 |
| 2020-08-18 |   258 |   22 |
| 2020-08-18 |   248 |   12 |
| 2020-08-19 |   261 |   16 |
| 2020-08-19 |   259 |   81 |
| 2020-08-19 |   265 |   84 |
| 2020-08-19 |    39 |  157 |
| 2020-08-19 |   258 |   10 |
| 2020-08-19 |   262 |  142 |
| 2020-08-19 |   155 |   13 |
| 2020-08-19 |   171 |    9 |
| 2020-08-19 |   257 |  103 |
| 2020-08-19 |   256 |  201 |
| 2020-08-19 |   237 |   43 |
| 2020-08-19 |    31 |  112 |
| 2020-08-19 |    52 |   12 |
| 2020-08-19 |   196 |   39 |
| 2020-08-19 |    30 |   41 |
| 2020-08-19 |   247 |   40 |
| 2020-08-19 |   211 |   46 |
| 2020-08-19 |   162 |  313 |
| 2020-08-19 |   157 |    4 |
| 2020-08-19 |   266 |  100 |
| 2020-08-19 |   154 |  111 |
| 2020-08-19 |    94 |  238 |
| 2020-08-19 |   251 |  161 |
| 2020-08-19 |   108 |   57 |
| 2020-08-19 |   252 |  121 |
| 2020-08-19 |   245 |    6 |
| 2020-08-19 |   248 |   15 |
| 2020-08-19 |    89 |    1 |
| 2020-08-20 |   108 |   79 |
| 2020-08-20 |   265 |   42 |
| 2020-08-20 |   258 |   56 |
| 2020-08-20 |    39 |   74 |
| 2020-08-20 |   259 |  416 |
| 2020-08-20 |   262 |   66 |
| 2020-08-20 |   261 |   31 |
| 2020-08-20 |   171 |   12 |
| 2020-08-20 |   114 |    1 |
| 2020-08-20 |   257 |  140 |
| 2020-08-20 |   237 |   40 |
| 2020-08-20 |   267 |   23 |
| 2020-08-20 |    31 |  479 |
| 2020-08-20 |   251 |  350 |
| 2020-08-20 |   256 |  168 |
| 2020-08-20 |   196 |  106 |
| 2020-08-20 |   247 |   37 |
| 2020-08-20 |    30 |   39 |
| 2020-08-20 |   266 |  107 |
| 2020-08-20 |   211 |   33 |
| 2020-08-20 |   206 |   50 |
| 2020-08-20 |   201 |   13 |
| 2020-08-20 |   154 |   75 |
| 2020-08-20 |   162 |  132 |
| 2020-08-20 |   215 |  285 |
| 2020-08-20 |   155 |   15 |
| 2020-08-20 |   248 |   15 |
| 2020-08-20 |   185 |   41 |
| 2020-08-21 |    39 |  168 |
| 2020-08-21 |   265 |   43 |
| 2020-08-21 |   262 |  117 |
| 2020-08-21 |   259 |   95 |
| 2020-08-21 |   171 |    9 |
| 2020-08-21 |   266 |   94 |
| 2020-08-21 |   257 |  106 |
| 2020-08-21 |     4 |    2 |
| 2020-08-21 |   256 |  123 |
| 2020-08-21 |    31 |  240 |
| 2020-08-21 |   196 |   42 |
| 2020-08-21 |   247 |   40 |
| 2020-08-21 |    52 |  125 |
| 2020-08-21 |   154 |   77 |
| 2020-08-21 |   251 |  255 |
| 2020-08-21 |    71 |   28 |
| 2020-08-21 |   237 |    7 |
| 2020-08-21 |   162 |  172 |
| 2020-08-21 |    30 |   92 |
| 2020-08-21 |   108 |   98 |
| 2020-08-21 |   235 |    4 |
| 2020-08-21 |   248 |   12 |
| 2020-08-21 |   155 |   13 |
| 2020-08-21 |   211 |   17 |
| 2020-08-22 |   261 |   32 |
| 2020-08-22 |   258 |   34 |
| 2020-08-22 |   259 |   85 |
| 2020-08-22 |   248 |   30 |
| 2020-08-22 |   237 |   34 |
| 2020-08-22 |     3 |    4 |
| 2020-08-22 |   119 |   22 |
| 2020-08-22 |   171 |    7 |
| 2020-08-22 |   262 |  181 |
| 2020-08-22 |   257 |  148 |
| 2020-08-22 |    39 |   61 |
| 2020-08-22 |   256 |   59 |
| 2020-08-22 |    31 | 3901 |
| 2020-08-22 |   265 |  138 |
| 2020-08-22 |   247 |  199 |
| 2020-08-22 |    57 |  128 |
| 2020-08-22 |   251 |  116 |
| 2020-08-22 |   175 |   22 |
| 2020-08-22 |   196 |  118 |
| 2020-08-22 |   211 |    6 |
| 2020-08-22 |   266 |   60 |
| 2020-08-22 |    52 |   36 |
| 2020-08-22 |     5 |   17 |
| 2020-08-22 |   162 |  251 |
| 2020-08-22 |   109 |   79 |
| 2020-08-22 |   179 |   59 |
| 2020-08-22 |   108 |   33 |
| 2020-08-22 |   111 |  475 |
| 2020-08-22 |   155 |   13 |
| 2020-08-22 |   165 |   29 |
| 2020-08-22 |   138 |   13 |
| 2020-08-22 |   267 |   13 |
| 2020-08-23 |    31 |  217 |
| 2020-08-23 |   259 |   53 |
| 2020-08-23 |   256 |  303 |
| 2020-08-23 |     8 |   39 |
| 2020-08-23 |   248 |   36 |
| 2020-08-23 |   171 |   12 |
| 2020-08-23 |   237 |   43 |
| 2020-08-23 |   262 |  101 |
| 2020-08-23 |   265 |  349 |
| 2020-08-23 |   257 |   92 |
| 2020-08-23 |   258 |   43 |
| 2020-08-23 |   247 |   35 |
| 2020-08-23 |   251 |   90 |
| 2020-08-23 |   196 |  106 |
| 2020-08-23 |   255 |    4 |
| 2020-08-23 |   167 |  262 |
| 2020-08-23 |   175 |   22 |
| 2020-08-23 |   266 |   65 |
| 2020-08-23 |   179 |    1 |
| 2020-08-23 |   125 |  388 |
| 2020-08-23 |   154 |   46 |
| 2020-08-23 |   111 |  212 |
| 2020-08-23 |   211 |   14 |
| 2020-08-23 |    39 |   38 |
| 2020-08-23 |   108 |   49 |
| 2020-08-23 |    52 |   75 |
| 2020-08-23 |   150 |  117 |
| 2020-08-23 |    81 |    5 |
| 2020-08-23 |   121 |   48 |
| 2020-08-23 |     7 |  843 |
| 2020-08-23 |   261 |  167 |
| 2020-08-23 |   155 |   12 |
| 2020-08-23 |   165 |  226 |
| 2020-08-23 |   267 |   15 |
| 2020-08-24 |   265 |  108 |
| 2020-08-24 |   262 |   78 |
| 2020-08-24 |   259 |   36 |
| 2020-08-24 |   171 |   16 |
| 2020-08-24 |   237 |   44 |
| 2020-08-24 |   257 |  263 |
| 2020-08-24 |   108 |   35 |
| 2020-08-24 |   111 |   56 |
| 2020-08-24 |   256 |  182 |
| 2020-08-24 |    31 |  160 |
| 2020-08-24 |   196 |  242 |
| 2020-08-24 |   247 |   42 |
| 2020-08-24 |   251 |  126 |
| 2020-08-24 |   266 |   57 |
| 2020-08-24 |   179 |  198 |
| 2020-08-24 |    47 |    1 |
| 2020-08-24 |    95 |    1 |
| 2020-08-24 |   195 |   97 |
| 2020-08-24 |    88 |    8 |
| 2020-08-24 |   165 |  100 |
| 2020-08-24 |    79 |   51 |
| 2020-08-24 |   211 |   41 |
| 2020-08-24 |    39 |   57 |
| 2020-08-24 |   154 |    7 |
| 2020-08-24 |   202 |    3 |
| 2020-08-24 |   261 |   21 |
| 2020-08-24 |    52 |   83 |
| 2020-08-24 |   155 |   13 |
| 2020-08-24 |     7 |   66 |
| 2020-08-24 |   226 |   74 |
| 2020-08-24 |   248 |   18 |
| 2020-08-24 |    28 |   19 |
| 2020-08-25 |   265 |   61 |
| 2020-08-25 |   262 |   85 |
| 2020-08-25 |   171 |   12 |
| 2020-08-25 |   259 |   57 |
| 2020-08-25 |   258 |   48 |
| 2020-08-25 |   237 |   40 |
| 2020-08-25 |   257 |  158 |
| 2020-08-25 |   256 |   89 |
| 2020-08-25 |    31 |   86 |
| 2020-08-25 |   196 |  205 |
| 2020-08-25 |   111 |   51 |
| 2020-08-25 |     7 |   63 |
| 2020-08-25 |   251 |  129 |
| 2020-08-25 |   247 |   42 |
| 2020-08-25 |   266 |   38 |
| 2020-08-25 |   211 |   30 |
| 2020-08-25 |    39 |   59 |
| 2020-08-25 |   261 |   15 |
| 2020-08-25 |   108 |   13 |
| 2020-08-25 |   248 |   15 |
| 2020-08-25 |   244 |   95 |
| 2020-08-25 |   155 |   13 |
| 2020-08-25 |    52 |    6 |
| 2020-08-25 |   242 |   23 |
| 2020-08-25 |   235 |   10 |
| 2020-08-25 |    15 |   63 |
| 2020-08-26 |   258 |  112 |
| 2020-08-26 |   265 |   58 |
| 2020-08-26 |    31 |   52 |
| 2020-08-26 |   259 |   84 |
| 2020-08-26 |   171 |    9 |
| 2020-08-26 |   257 |  182 |
| 2020-08-26 |   237 |   46 |
| 2020-08-26 |   261 |   81 |
| 2020-08-26 |   256 |  111 |
| 2020-08-26 |   196 |  165 |
| 2020-08-26 |   103 |  915 |
| 2020-08-26 |   247 |   42 |
| 2020-08-26 |   251 |  173 |
| 2020-08-26 |   267 |  120 |
| 2020-08-26 |   262 |   40 |
| 2020-08-26 |    39 |   25 |
| 2020-08-26 |   108 |   42 |
| 2020-08-26 |   241 |    8 |
| 2020-08-26 |   211 |   12 |
| 2020-08-26 |    52 |   91 |
| 2020-08-26 |   155 |   21 |
| 2020-08-26 |   111 |   20 |
| 2020-08-26 |     7 |   26 |
| 2020-08-26 |   248 |   17 |
| 2020-08-26 |   154 |   14 |
| 2020-08-26 |    50 |  569 |
| 2020-08-27 |   265 |   98 |
| 2020-08-27 |    39 |   81 |
| 2020-08-27 |   261 |   55 |
| 2020-08-27 |   259 |   45 |
| 2020-08-27 |   262 |   40 |
| 2020-08-27 |   258 |    6 |
| 2020-08-27 |   171 |   17 |
| 2020-08-27 |   116 |   18 |
| 2020-08-27 |   257 |  100 |
| 2020-08-27 |   237 |   48 |
| 2020-08-27 |   256 |  255 |
| 2020-08-27 |    31 |  223 |
| 2020-08-27 |   196 |  226 |
| 2020-08-27 |   111 |   38 |
| 2020-08-27 |     7 |   50 |
| 2020-08-27 |   247 |   33 |
| 2020-08-27 |     8 |   51 |
| 2020-08-27 |   175 |   17 |
| 2020-08-27 |    34 |   58 |
| 2020-08-27 |   251 |  446 |
| 2020-08-27 |   108 |   30 |
| 2020-08-27 |   211 |   23 |
| 2020-08-27 |     9 |   84 |
| 2020-08-27 |   140 |    6 |
| 2020-08-27 |    50 |   90 |
| 2020-08-27 |   155 |   23 |
| 2020-08-27 |   266 |   59 |
| 2020-08-27 |   248 |   31 |
| 2020-08-28 |   265 |  151 |
| 2020-08-28 |   258 |   57 |
| 2020-08-28 |   259 |  134 |
| 2020-08-28 |   171 |    4 |
| 2020-08-28 |   257 |  179 |
| 2020-08-28 |   262 |   44 |
| 2020-08-28 |   256 |  239 |
| 2020-08-28 |   237 |   60 |
| 2020-08-28 |   111 |   48 |
| 2020-08-28 |     7 |   39 |
| 2020-08-28 |    31 |  327 |
| 2020-08-28 |    52 |   24 |
| 2020-08-28 |   196 |  244 |
| 2020-08-28 |   247 |   46 |
| 2020-08-28 |   251 |  103 |
| 2020-08-28 |    59 |    4 |
| 2020-08-28 |   266 |   73 |
| 2020-08-28 |   261 |   10 |
| 2020-08-28 |    39 |   61 |
| 2020-08-28 |    50 |   44 |
| 2020-08-28 |   155 |   27 |
| 2020-08-28 |   211 |   15 |
| 2020-08-28 |    30 |    8 |
| 2020-08-28 |   108 |   19 |
| 2020-08-28 |   248 |   18 |
| 2020-08-29 |   265 |  130 |
| 2020-08-29 |   199 |   64 |
| 2020-08-29 |   171 |    7 |
| 2020-08-29 |   259 |  177 |
| 2020-08-29 |    39 |   33 |
| 2020-08-29 |   257 |  282 |
| 2020-08-29 |    31 |  258 |
| 2020-08-29 |   258 |   68 |
| 2020-08-29 |   262 |  115 |
| 2020-08-29 |   237 |   51 |
| 2020-08-29 |   256 |  277 |
| 2020-08-29 |     7 |   42 |
| 2020-08-29 |   111 |   69 |
| 2020-08-29 |   247 |   44 |
| 2020-08-29 |   251 |   77 |
| 2020-08-29 |   196 |  195 |
| 2020-08-29 |   248 |   26 |
| 2020-08-29 |   266 |  110 |
| 2020-08-29 |   211 |    6 |
| 2020-08-29 |   175 |   14 |
| 2020-08-29 |   230 |   16 |
| 2020-08-29 |   242 |    6 |
| 2020-08-29 |    50 |   10 |
| 2020-08-29 |   108 |   23 |
| 2020-08-29 |    30 |   20 |
| 2020-08-29 |   255 |    2 |
| 2020-08-29 |     8 |   28 |
| 2020-08-29 |    52 |   44 |
| 2020-08-30 |   259 |  205 |
| 2020-08-30 |   265 |  201 |
| 2020-08-30 |    50 |  207 |
| 2020-08-30 |   266 |   67 |
| 2020-08-30 |   108 |   71 |
| 2020-08-30 |   267 |   17 |
| 2020-08-30 |   237 |   44 |
| 2020-08-30 |   171 |   50 |
| 2020-08-30 |   261 |   13 |
| 2020-08-30 |   257 |  295 |
| 2020-08-30 |   256 |  384 |
| 2020-08-30 |   251 |   39 |
| 2020-08-30 |    31 |  158 |
| 2020-08-30 |   247 |   31 |
| 2020-08-30 |   196 |  199 |
| 2020-08-30 |   175 |   30 |
| 2020-08-30 |   211 |   26 |
| 2020-08-30 |   115 |   66 |
| 2020-08-30 |    30 |   16 |
| 2020-08-30 |     7 |   95 |
| 2020-08-30 |    39 |   49 |
| 2020-08-30 |   111 |   61 |
| 2020-08-30 |   262 |   60 |
| 2020-08-30 |    69 |   22 |
| 2020-08-30 |   154 |    7 |
| 2020-08-30 |   248 |   19 |
| 2020-08-30 |    52 |   31 |
| 2020-08-30 |   244 |   93 |
| 2020-08-30 |   155 |   15 |
| 2020-08-30 |    90 |   84 |
| 2020-08-31 |   262 |  101 |
| 2020-08-31 |   259 |   52 |
| 2020-08-31 |   265 |  130 |
| 2020-08-31 |   171 |   35 |
| 2020-08-31 |   111 |   47 |
| 2020-08-31 |   257 |  517 |
| 2020-08-31 |   256 |  337 |
| 2020-08-31 |    31 |  145 |
| 2020-08-31 |   196 |   54 |
| 2020-08-31 |    41 |   19 |
| 2020-08-31 |   247 |   13 |
| 2020-08-31 |   251 |   84 |
| 2020-08-31 |   175 |   17 |
| 2020-08-31 |    82 |   68 |
| 2020-08-31 |   261 |   14 |
| 2020-08-31 |    39 |   39 |
| 2020-08-31 |   248 |   15 |
| 2020-08-31 |   108 |   49 |
| 2020-08-31 |   194 |    1 |
| 2020-08-31 |   102 |    3 |
| 2020-08-31 |   155 |   13 |
| 2020-08-31 |   267 |   23 |
| 2020-08-31 |   105 |  267 |
| 2020-08-31 |   211 |   14 |
| 2020-08-31 |    30 |   53 |
| 2020-08-31 |     7 |   17 |
| 2020-09-01 |   265 |   88 |
| 2020-09-01 |   262 |  139 |
| 2020-09-01 |   251 |  190 |
| 2020-09-01 |    50 |   21 |
| 2020-09-01 |   259 |  227 |
| 2020-09-01 |   256 |  258 |
| 2020-09-01 |   257 |  204 |
| 2020-09-01 |   237 |   40 |
| 2020-09-01 |   105 |   12 |
| 2020-09-01 |    31 |  210 |
| 2020-09-01 |   196 |  122 |
| 2020-09-01 |   247 |   35 |
| 2020-09-01 |   197 |    8 |
| 2020-09-01 |   266 |  154 |
| 2020-09-01 |   211 |   21 |
| 2020-09-01 |    39 |   53 |
| 2020-09-01 |   106 |   22 |
| 2020-09-01 |   240 |   10 |
| 2020-09-01 |   261 |   13 |
| 2020-09-01 |   155 |   13 |
| 2020-09-01 |   258 |    1 |
| 2020-09-01 |   248 |   18 |
| 2020-09-01 |    19 |   80 |
| 2020-09-01 |   108 |   31 |
| 2020-09-02 |   265 |   57 |
| 2020-09-02 |   262 |   59 |
| 2020-09-02 |   259 |   38 |
| 2020-09-02 |   171 |   11 |
| 2020-09-02 |   266 |   91 |
| 2020-09-02 |   257 |  117 |
| 2020-09-02 |   111 |   77 |
| 2020-09-02 |   256 |  247 |
| 2020-09-02 |     7 |   44 |
| 2020-09-02 |    31 |  168 |
| 2020-09-02 |   237 |   47 |
| 2020-09-02 |   247 |   42 |
| 2020-09-02 |   196 |   48 |
| 2020-09-02 |   251 |   75 |
| 2020-09-02 |   205 |  156 |
| 2020-09-02 |    39 |   73 |
| 2020-09-02 |    58 |   29 |
| 2020-09-02 |   108 |    4 |
| 2020-09-02 |   248 |    7 |
| 2020-09-02 |   154 |   32 |
| 2020-09-02 |   155 |   12 |
| 2020-09-02 |   186 |    3 |
| 2020-09-02 |   169 |    8 |
| 2020-09-02 |    52 |   37 |
| 2020-09-02 |    30 |   26 |
| 2020-09-02 |    18 |    2 |
| 2020-09-02 |   211 |   20 |
| 2020-09-02 |   261 |   12 |
| 2020-09-03 |   265 |   65 |
| 2020-09-03 |   256 |  228 |
| 2020-09-03 |   259 |  116 |
| 2020-09-03 |   248 |   37 |
| 2020-09-03 |    31 |  175 |
| 2020-09-03 |   257 |  165 |
| 2020-09-03 |   111 |   27 |
| 2020-09-03 |   237 |   37 |
| 2020-09-03 |     7 |   33 |
| 2020-09-03 |   251 |  134 |
| 2020-09-03 |   247 |   42 |
| 2020-09-03 |   196 |   79 |
| 2020-09-03 |   262 |   39 |
| 2020-09-03 |    58 |    2 |
| 2020-09-03 |   266 |   92 |
| 2020-09-03 |    20 |  132 |
| 2020-09-03 |   210 |   13 |
| 2020-09-03 |    39 |   49 |
| 2020-09-03 |   108 |   40 |
| 2020-09-03 |   125 |    2 |
| 2020-09-03 |     8 |   38 |
| 2020-09-03 |   155 |   13 |
| 2020-09-03 |    66 |   23 |
| 2020-09-03 |   211 |   12 |
| 2020-09-03 |   154 |   29 |
| 2020-09-03 |    62 |   33 |
| 2020-09-03 |   175 |   16 |
| 2020-09-03 |   261 |   19 |
| 2020-09-03 |    52 |   20 |
| 2020-09-03 |    50 |   41 |
| 2020-09-04 |   265 |   72 |
| 2020-09-04 |   234 |   10 |
| 2020-09-04 |   171 |   11 |
| 2020-09-04 |   259 |  103 |
| 2020-09-04 |   262 |   14 |
| 2020-09-04 |   237 |   40 |
| 2020-09-04 |   111 |   46 |
| 2020-09-04 |     7 |   35 |
| 2020-09-04 |   257 |  122 |
| 2020-09-04 |   256 |   89 |
| 2020-09-04 |    31 |   87 |
| 2020-09-04 |   196 |  117 |
| 2020-09-04 |   247 |   52 |
| 2020-09-04 |   175 |    6 |
| 2020-09-04 |    20 |  113 |
| 2020-09-04 |   251 |   59 |
| 2020-09-04 |   266 |  158 |
| 2020-09-04 |   108 |   44 |
| 2020-09-04 |    39 |   27 |
| 2020-09-04 |   212 |   16 |
| 2020-09-04 |   267 |   14 |
| 2020-09-04 |   155 |   13 |
| 2020-09-04 |    68 |   28 |
| 2020-09-04 |    52 |   25 |
| 2020-09-04 |    50 |   15 |
| 2020-09-04 |   211 |   12 |
| 2020-09-04 |   261 |    1 |
| 2020-09-05 |   266 |  351 |
| 2020-09-05 |   265 |  181 |
| 2020-09-05 |   259 |  319 |
| 2020-09-05 |    31 |  246 |
| 2020-09-05 |   248 |   56 |
| 2020-09-05 |   171 |   15 |
| 2020-09-05 |   258 |    2 |
| 2020-09-05 |   262 |   81 |
| 2020-09-05 |   263 |   42 |
| 2020-09-05 |   257 |  152 |
| 2020-09-05 |   111 |   30 |
| 2020-09-05 |     7 |   18 |
| 2020-09-05 |   256 |  218 |
| 2020-09-05 |   247 |   57 |
| 2020-09-05 |   196 |  188 |
| 2020-09-05 |   237 |   45 |
| 2020-09-05 |   251 |  169 |
| 2020-09-05 |    52 |   59 |
| 2020-09-05 |   105 |   13 |
| 2020-09-05 |   129 |   10 |
| 2020-09-05 |    39 |   65 |
| 2020-09-05 |   260 |   48 |
| 2020-09-05 |   225 |   34 |
| 2020-09-05 |   109 |  160 |
| 2020-09-05 |   155 |   14 |
| 2020-09-05 |   112 |   59 |
| 2020-09-05 |   108 |   45 |
| 2020-09-05 |   261 |   29 |
| 2020-09-05 |    20 |   18 |
| 2020-09-05 |     8 |   31 |
| 2020-09-06 |   259 |   70 |
| 2020-09-06 |   262 |  182 |
| 2020-09-06 |   265 |  135 |
| 2020-09-06 |   111 |   48 |
| 2020-09-06 |   171 |   20 |
| 2020-09-06 |   258 |    2 |
| 2020-09-06 |   257 |  231 |
| 2020-09-06 |   248 |  103 |
| 2020-09-06 |   149 |    7 |
| 2020-09-06 |   256 |  157 |
| 2020-09-06 |     7 |   44 |
| 2020-09-06 |   247 |   34 |
| 2020-09-06 |    31 | 2478 |
| 2020-09-06 |   237 |   59 |
| 2020-09-06 |    52 |   53 |
| 2020-09-06 |   154 |   38 |
| 2020-09-06 |   251 |   83 |
| 2020-09-06 |   196 |  125 |
| 2020-09-06 |    20 |   37 |
| 2020-09-06 |    39 |   52 |
| 2020-09-06 |    50 |   25 |
| 2020-09-06 |   108 |   10 |
| 2020-09-06 |   266 |  113 |
| 2020-09-06 |    56 |   18 |
| 2020-09-06 |   104 |    3 |
| 2020-09-06 |    91 |   15 |
| 2020-09-06 |   109 |  124 |
| 2020-09-06 |   155 |   13 |
| 2020-09-06 |   131 |   55 |
| 2020-09-06 |    27 |    1 |
| 2020-09-06 |   218 |    5 |
| 2020-09-06 |   267 |   61 |
| 2020-09-06 |   211 |   13 |
| 2020-09-07 |   265 |  102 |
| 2020-09-07 |   259 |   47 |
| 2020-09-07 |   171 |    5 |
| 2020-09-07 |    31 |  151 |
| 2020-09-07 |   248 |   46 |
| 2020-09-07 |   108 |   59 |
| 2020-09-07 |   257 |  127 |
| 2020-09-07 |   256 |  104 |
| 2020-09-07 |   251 |   49 |
| 2020-09-07 |    20 |    1 |
| 2020-09-07 |   111 |   32 |
| 2020-09-07 |   237 |   44 |
| 2020-09-07 |   196 |  237 |
| 2020-09-07 |   175 |   10 |
| 2020-09-07 |   247 |   44 |
| 2020-09-07 |     7 |   35 |
| 2020-09-07 |    52 |   55 |
| 2020-09-07 |   266 |  173 |
| 2020-09-07 |   170 |   91 |
| 2020-09-07 |   146 |   86 |
| 2020-09-07 |   261 |   46 |
| 2020-09-07 |   166 |    5 |
| 2020-09-07 |   211 |   43 |
| 2020-09-07 |    30 |   86 |
| 2020-09-07 |    39 |   42 |
| 2020-09-07 |   155 |   32 |
| 2020-09-07 |   258 |    1 |
| 2020-09-07 |   109 |   28 |
| 2020-09-07 |   262 |   22 |
| 2020-09-07 |    50 |   31 |
| 2020-09-08 |   265 |  143 |
| 2020-09-08 |   259 |   39 |
| 2020-09-08 |   108 |   61 |
| 2020-09-08 |    50 |    2 |
| 2020-09-08 |    39 |   33 |
| 2020-09-08 |   256 |  409 |
| 2020-09-08 |   171 |   20 |
| 2020-09-08 |   111 |   22 |
| 2020-09-08 |   257 |  134 |
| 2020-09-08 |     7 |   25 |
| 2020-09-08 |    31 |  801 |
| 2020-09-08 |   196 |   49 |
| 2020-09-08 |   247 |   43 |
| 2020-09-08 |   154 |    4 |
| 2020-09-08 |   251 |   28 |
| 2020-09-08 |   237 |   73 |
| 2020-09-08 |   262 |   42 |
| 2020-09-08 |   211 |   12 |
| 2020-09-08 |   133 |   16 |
| 2020-09-08 |   266 |   80 |
| 2020-09-08 |   248 |   28 |
| 2020-09-08 |   109 |   36 |
| 2020-09-08 |    52 |   45 |
| 2020-09-09 |   265 |   70 |
| 2020-09-09 |   258 |   40 |
| 2020-09-09 |    31 |  103 |
| 2020-09-09 |   259 |   37 |
| 2020-09-09 |   171 |   10 |
| 2020-09-09 |   261 |  165 |
| 2020-09-09 |    53 |  580 |
| 2020-09-09 |   257 |  109 |
| 2020-09-09 |   203 |   11 |
| 2020-09-09 |   111 |   46 |
| 2020-09-09 |   262 |   19 |
| 2020-09-09 |   256 |  155 |
| 2020-09-09 |   251 |   51 |
| 2020-09-09 |   247 |   69 |
| 2020-09-09 |   196 |   69 |
| 2020-09-09 |   237 |   31 |
| 2020-09-09 |   211 |   12 |
| 2020-09-09 |   266 |   85 |
| 2020-09-09 |    39 |   36 |
| 2020-09-09 |   204 |   43 |
| 2020-09-09 |   155 |   13 |
| 2020-09-09 |   248 |   21 |
| 2020-09-09 |   108 |    9 |
| 2020-09-09 |   250 |  151 |
| 2020-09-09 |    52 |   33 |
| 2020-09-09 |     8 |   36 |
| 2020-09-09 |   109 |  100 |
| 2020-09-10 |   259 |   98 |
| 2020-09-10 |   265 |   54 |
| 2020-09-10 |   256 |  320 |
| 2020-09-10 |    53 |  309 |
| 2020-09-10 |   262 |   57 |
| 2020-09-10 |   261 |   31 |
| 2020-09-10 |   257 |  217 |
| 2020-09-10 |    31 |  204 |
| 2020-09-10 |   196 |  182 |
| 2020-09-10 |   247 |   37 |
| 2020-09-10 |   111 |   34 |
| 2020-09-10 |     7 |   32 |
| 2020-09-10 |    38 |  118 |
| 2020-09-10 |   251 |   42 |
| 2020-09-10 |   266 |  145 |
| 2020-09-10 |   126 |   74 |
| 2020-09-10 |   108 |   18 |
| 2020-09-10 |   267 |   76 |
| 2020-09-10 |    84 |  195 |
| 2020-09-10 |   109 |   56 |
| 2020-09-10 |   248 |   30 |
| 2020-09-10 |    39 |   57 |
| 2020-09-10 |   155 |   13 |
| 2020-09-10 |    50 |   11 |
| 2020-09-10 |   213 |    3 |
| 2020-09-10 |   128 |    8 |
| 2020-09-11 |    31 |  278 |
| 2020-09-11 |   256 |  252 |
| 2020-09-11 |   211 |   39 |
| 2020-09-11 |    53 |   53 |
| 2020-09-11 |    84 |  165 |
| 2020-09-11 |   265 |   87 |
| 2020-09-11 |   259 |   68 |
| 2020-09-11 |   171 |   37 |
| 2020-09-11 |   257 |  239 |
| 2020-09-11 |   111 |   42 |
| 2020-09-11 |     7 |   31 |
| 2020-09-11 |   251 |   30 |
| 2020-09-11 |   196 |   39 |
| 2020-09-11 |   156 |   23 |
| 2020-09-11 |   247 |   32 |
| 2020-09-11 |   237 |   32 |
| 2020-09-11 |   261 |   18 |
| 2020-09-11 |   266 |   96 |
| 2020-09-11 |   262 |   40 |
| 2020-09-11 |    39 |   44 |
| 2020-09-11 |   139 |   97 |
| 2020-09-11 |   248 |   63 |
| 2020-09-11 |   155 |   18 |
| 2020-09-11 |    52 |   38 |
| 2020-09-11 |    54 |   71 |
| 2020-09-11 |   109 |   46 |
| 2020-09-11 |   267 |   28 |
| 2020-09-12 |   259 |   68 |
| 2020-09-12 |   261 |   24 |
| 2020-09-12 |   250 |   51 |
| 2020-09-12 |   265 |  112 |
| 2020-09-12 |    53 |   93 |
| 2020-09-12 |   171 |   17 |
| 2020-09-12 |   111 |   28 |
| 2020-09-12 |     7 |   16 |
| 2020-09-12 |   257 |  240 |
| 2020-09-12 |   256 |  153 |
| 2020-09-12 |    31 |  231 |
| 2020-09-12 |   247 |   50 |
| 2020-09-12 |   196 |  179 |
| 2020-09-12 |   251 |  139 |
| 2020-09-12 |    39 |   36 |
| 2020-09-12 |   237 |   29 |
| 2020-09-12 |   262 |   92 |
| 2020-09-12 |   266 |  114 |
| 2020-09-12 |    67 |   79 |
| 2020-09-12 |    84 |   59 |
| 2020-09-12 |   248 |   50 |
| 2020-09-12 |   192 |   22 |
| 2020-09-12 |   109 |   57 |
| 2020-09-12 |   105 |   13 |
| 2020-09-12 |   154 |    2 |
| 2020-09-12 |   258 |    2 |
| 2020-09-12 |   155 |   21 |
| 2020-09-12 |   211 |   16 |
| 2020-09-13 |   265 |  117 |
| 2020-09-13 |   259 |  109 |
| 2020-09-13 |   256 |  219 |
| 2020-09-13 |   171 |   11 |
| 2020-09-13 |   257 |  232 |
| 2020-09-13 |   111 |   17 |
| 2020-09-13 |    31 |  167 |
| 2020-09-13 |    53 |   77 |
| 2020-09-13 |   251 |   43 |
| 2020-09-13 |   262 |   46 |
| 2020-09-13 |   247 |   59 |
| 2020-09-13 |   248 |   42 |
| 2020-09-13 |   196 |  110 |
| 2020-09-13 |   258 |   98 |
| 2020-09-13 |   266 |  300 |
| 2020-09-13 |    39 |    3 |
| 2020-09-13 |     7 |   19 |
| 2020-09-13 |   155 |   21 |
| 2020-09-13 |   268 |   16 |
| 2020-09-13 |    84 |   29 |
| 2020-09-13 |   108 |   30 |
| 2020-09-13 |   154 |    9 |
| 2020-09-13 |   109 |   35 |
| 2020-09-13 |   165 |   16 |
| 2020-09-13 |    52 |   41 |
| 2020-09-13 |    19 |    6 |
| 2020-09-13 |   211 |   25 |
| 2020-09-14 |    84 |   12 |
| 2020-09-14 |   259 |   90 |
| 2020-09-14 |    31 |  141 |
| 2020-09-14 |   262 |   58 |
| 2020-09-14 |   171 |   28 |
| 2020-09-14 |    53 |  188 |
| 2020-09-14 |   265 |  131 |
| 2020-09-14 |   257 |  163 |
| 2020-09-14 |   111 |   18 |
| 2020-09-14 |     7 |   11 |
| 2020-09-14 |   256 |  172 |
| 2020-09-14 |   251 |   60 |
| 2020-09-14 |   196 |   94 |
| 2020-09-14 |   247 |   49 |
| 2020-09-14 |   266 |  154 |
| 2020-09-14 |   139 |   35 |
| 2020-09-14 |   237 |   32 |
| 2020-09-14 |   261 |   31 |
| 2020-09-14 |   155 |   13 |
| 2020-09-14 |   248 |   26 |
| 2020-09-14 |     8 |   25 |
| 2020-09-14 |    39 |   39 |
| 2020-09-14 |   253 |   19 |
| 2020-09-14 |   109 |  291 |
| 2020-09-14 |   211 |   24 |
| 2020-09-14 |    40 |  105 |
| 2020-09-14 |   108 |   27 |
| 2020-09-14 |   173 |   42 |
| 2020-09-15 |   173 |   81 |
| 2020-09-15 |   262 |   30 |
| 2020-09-15 |   259 |   54 |
| 2020-09-15 |     8 |   28 |
| 2020-09-15 |   265 |  130 |
| 2020-09-15 |    53 |  161 |
| 2020-09-15 |   171 |   14 |
| 2020-09-15 |   111 |   12 |
| 2020-09-15 |   257 |  117 |
| 2020-09-15 |   256 |  177 |
| 2020-09-15 |    31 |   89 |
| 2020-09-15 |   196 |  135 |
| 2020-09-15 |   247 |   52 |
| 2020-09-15 |   139 |   38 |
| 2020-09-15 |   251 |   39 |
| 2020-09-15 |   266 |   69 |
| 2020-09-15 |   248 |   23 |
| 2020-09-15 |    30 |   44 |
| 2020-09-15 |   105 |    4 |
| 2020-09-15 |    39 |   45 |
| 2020-09-15 |   109 |   17 |
| 2020-09-15 |   214 |    5 |
| 2020-09-15 |   211 |   16 |
| 2020-09-15 |   108 |    7 |
| 2020-09-16 |   108 |   59 |
| 2020-09-16 |   248 |   25 |
| 2020-09-16 |   261 |   42 |
| 2020-09-16 |   265 |   76 |
| 2020-09-16 |   262 |   41 |
| 2020-09-16 |   171 |   24 |
| 2020-09-16 |   259 |   49 |
| 2020-09-16 |   257 |  183 |
| 2020-09-16 |    31 |   91 |
| 2020-09-16 |   247 |   60 |
| 2020-09-16 |   196 |   95 |
| 2020-09-16 |   256 |  124 |
| 2020-09-16 |   251 |   96 |
| 2020-09-16 |   266 |  128 |
| 2020-09-16 |   237 |   42 |
| 2020-09-16 |   139 |   71 |
| 2020-09-16 |   193 |    4 |
| 2020-09-16 |    53 |   35 |
| 2020-09-16 |    77 |    7 |
| 2020-09-16 |   111 |   42 |
| 2020-09-16 |   155 |   18 |
| 2020-09-16 |   258 |   20 |
| 2020-09-16 |    39 |   35 |
| 2020-09-16 |   267 |   26 |
| 2020-09-16 |   109 |   12 |
| 2020-09-16 |   211 |    8 |
| 2020-09-17 |   109 |   45 |
| 2020-09-17 |   211 |   24 |
| 2020-09-17 |   108 |   54 |
| 2020-09-17 |   265 |   73 |
| 2020-09-17 |   256 |  139 |
| 2020-09-17 |    53 |   55 |
| 2020-09-17 |    40 |   62 |
| 2020-09-17 |   259 |  192 |
| 2020-09-17 |   248 |   16 |
| 2020-09-17 |   171 |    7 |
| 2020-09-17 |   173 |   84 |
| 2020-09-17 |   262 |   36 |
| 2020-09-17 |   257 |   94 |
| 2020-09-17 |    31 |   87 |
| 2020-09-17 |   111 |   17 |
| 2020-09-17 |   247 |   58 |
| 2020-09-17 |   196 |   54 |
| 2020-09-17 |   251 |   56 |
| 2020-09-17 |   266 |   83 |
| 2020-09-17 |   139 |  227 |
| 2020-09-17 |   113 |   16 |
| 2020-09-17 |   237 |   24 |
| 2020-09-17 |    36 |   10 |
| 2020-09-17 |   190 |  223 |
| 2020-09-17 |    83 |   50 |
| 2020-09-17 |   155 |   16 |
| 2020-09-17 |   258 |    9 |
| 2020-09-17 |    16 |    2 |
| 2020-09-18 |   265 |   94 |
| 2020-09-18 |   261 |   17 |
| 2020-09-18 |   259 |   49 |
| 2020-09-18 |   171 |   12 |
| 2020-09-18 |   176 |    4 |
| 2020-09-18 |   262 |   20 |
| 2020-09-18 |   257 |  176 |
| 2020-09-18 |   256 |  104 |
| 2020-09-18 |    31 |  145 |
| 2020-09-18 |   251 |   75 |
| 2020-09-18 |   196 |  108 |
| 2020-09-18 |   247 |   52 |
| 2020-09-18 |   266 |   77 |
| 2020-09-18 |   139 |   56 |
| 2020-09-18 |   220 |   89 |
| 2020-09-18 |    13 |  175 |
| 2020-09-18 |    25 |   11 |
| 2020-09-18 |   248 |   17 |
| 2020-09-18 |   258 |    3 |
| 2020-09-18 |   155 |   18 |
| 2020-09-18 |    39 |   38 |
| 2020-09-18 |   246 |   38 |
| 2020-09-18 |   211 |   15 |
| 2020-09-19 |   257 |  178 |
| 2020-09-19 |   265 |   77 |
| 2020-09-19 |   256 |  133 |
| 2020-09-19 |   259 |   52 |
| 2020-09-19 |   171 |   42 |
| 2020-09-19 |    31 |  379 |
| 2020-09-19 |   237 |   28 |
| 2020-09-19 |   251 |   83 |
| 2020-09-19 |   196 |   96 |
| 2020-09-19 |   247 |   52 |
| 2020-09-19 |   261 |   22 |
| 2020-09-19 |   139 |   43 |
| 2020-09-19 |   266 |   93 |
| 2020-09-19 |   188 |  103 |
| 2020-09-19 |   267 |   27 |
| 2020-09-19 |   227 |    8 |
| 2020-09-19 |    30 |   35 |
| 2020-09-19 |   226 |   62 |
| 2020-09-19 |   262 |   43 |
| 2020-09-19 |   155 |    3 |
| 2020-09-19 |   108 |    1 |
| 2020-09-19 |   123 |   63 |
| 2020-09-19 |    26 |    8 |
| 2020-09-19 |   258 |   36 |
| 2020-09-19 |   248 |   48 |
| 2020-09-19 |   211 |   25 |
| 2020-09-20 |   265 |  224 |
| 2020-09-20 |   259 | 1428 |
| 2020-09-20 |    39 |   43 |
| 2020-09-20 |   257 |  201 |
| 2020-09-20 |    31 | 1669 |
| 2020-09-20 |   256 |  114 |
| 2020-09-20 |   196 |  193 |
| 2020-09-20 |   247 |   58 |
| 2020-09-20 |   231 |   13 |
| 2020-09-20 |    68 |   27 |
| 2020-09-20 |   251 |  137 |
| 2020-09-20 |   266 |   61 |
| 2020-09-20 |   262 |   51 |
| 2020-09-20 |   258 |   22 |
| 2020-09-20 |   123 |  112 |
| 2020-09-20 |    62 |   17 |
| 2020-09-20 |   237 |   30 |
| 2020-09-20 |   261 |   19 |
| 2020-09-20 |   248 |   17 |
| 2020-09-20 |   217 |   16 |
| 2020-09-20 |   216 |  195 |
| 2020-09-20 |    52 |   15 |
| 2020-09-20 |   191 |    3 |
| 2020-09-20 |    33 |  165 |
| 2020-09-20 |   211 |   16 |
| 2020-09-20 |   109 |   22 |
| 2020-09-21 |   262 |   49 |
| 2020-09-21 |   259 |   56 |
| 2020-09-21 |   265 |  117 |
| 2020-09-21 |    39 |  203 |
| 2020-09-21 |   258 |    3 |
| 2020-09-21 |   257 |  126 |
| 2020-09-21 |    31 |   44 |
| 2020-09-21 |   247 |   52 |
| 2020-09-21 |    33 |  198 |
| 2020-09-21 |   251 |   50 |
| 2020-09-21 |   256 |   51 |
| 2020-09-21 |    50 |    3 |
| 2020-09-21 |   266 |   94 |
| 2020-09-21 |   117 |    6 |
| 2020-09-21 |    30 |   31 |
| 2020-09-21 |   155 |   11 |
| 2020-09-21 |   123 |  156 |
| 2020-09-21 |   154 |   27 |
| 2020-09-21 |   163 |   64 |
| 2020-09-21 |   248 |   13 |
| 2020-09-21 |   267 |   56 |
| 2020-09-21 |   232 |    9 |
| 2020-09-21 |   109 |   39 |
| 2020-09-21 |   211 |   17 |
| 2020-09-22 |   248 |   20 |
| 2020-09-22 |   259 |   49 |
| 2020-09-22 |   256 |   70 |
| 2020-09-22 |   171 |   10 |
| 2020-09-22 |   155 |   10 |
| 2020-09-22 |   265 |  149 |
| 2020-09-22 |   262 |   28 |
| 2020-09-22 |   238 |   11 |
| 2020-09-22 |   257 |  158 |
| 2020-09-22 |   111 |   29 |
| 2020-09-22 |   247 |   48 |
| 2020-09-22 |    31 |   46 |
| 2020-09-22 |    30 |   27 |
| 2020-09-22 |    33 |  107 |
| 2020-09-22 |   266 |   46 |
| 2020-09-22 |   251 |   75 |
| 2020-09-22 |   145 |    7 |
| 2020-09-22 |   237 |   37 |
| 2020-09-22 |    39 |   56 |
| 2020-09-22 |    52 |   27 |
| 2020-09-22 |   261 |   18 |
| 2020-09-22 |    44 |   58 |
| 2020-09-22 |   109 |   14 |
| 2020-09-22 |   211 |   15 |
| 2020-09-22 |   221 |   84 |
| 2020-09-22 |    10 |  243 |
| 2020-09-22 |   154 |   29 |
| 2020-09-23 |   265 |   77 |
| 2020-09-23 |   259 |   79 |
| 2020-09-23 |   251 |   70 |
| 2020-09-23 |   262 |   26 |
| 2020-09-23 |   256 |   53 |
| 2020-09-23 |   171 |   10 |
| 2020-09-23 |   257 |  123 |
| 2020-09-23 |   111 |   33 |
| 2020-09-23 |    31 |   52 |
| 2020-09-23 |    33 |   84 |
| 2020-09-23 |   247 |   89 |
| 2020-09-23 |   231 |    1 |
| 2020-09-23 |   126 |    1 |
| 2020-09-23 |   266 |   50 |
| 2020-09-23 |   139 |   45 |
| 2020-09-23 |   155 |   17 |
| 2020-09-23 |    10 |  257 |
| 2020-09-23 |   258 |    8 |
| 2020-09-23 |    39 |   42 |
| 2020-09-23 |   109 |   27 |
| 2020-09-24 |   265 |   52 |
| 2020-09-24 |   211 |   41 |
| 2020-09-24 |   259 |   42 |
| 2020-09-24 |   256 |  291 |
| 2020-09-24 |   257 |  621 |
| 2020-09-24 |   237 |   31 |
| 2020-09-24 |    31 |   43 |
| 2020-09-24 |   247 |   40 |
| 2020-09-24 |    33 |  184 |
| 2020-09-24 |   251 |  147 |
| 2020-09-24 |   266 |   70 |
| 2020-09-24 |   160 |    9 |
| 2020-09-24 |    78 |   17 |
| 2020-09-24 |   262 |  308 |
| 2020-09-24 |   139 |   25 |
| 2020-09-24 |    10 |  307 |
| 2020-09-24 |    30 |   24 |
| 2020-09-24 |   248 |   14 |
| 2020-09-24 |   239 |    4 |
| 2020-09-25 |   265 |  188 |
| 2020-09-25 |   187 |    6 |
| 2020-09-25 |   259 |   60 |
| 2020-09-25 |   109 |   28 |
| 2020-09-25 |   251 |  162 |
| 2020-09-25 |   262 |    2 |
| 2020-09-25 |    39 |   74 |
| 2020-09-25 |   257 |  141 |
| 2020-09-25 |   256 |  168 |
| 2020-09-25 |    31 |   78 |
| 2020-09-25 |    33 |  133 |
| 2020-09-25 |   247 |   46 |
| 2020-09-25 |   211 |    7 |
| 2020-09-25 |     6 |    1 |
| 2020-09-25 |   219 |   14 |
| 2020-09-25 |   168 |   16 |
| 2020-09-25 |   139 |   35 |
| 2020-09-25 |     8 |   32 |
| 2020-09-25 |    73 |   23 |
| 2020-09-25 |    10 |  149 |
| 2020-09-25 |   248 |   12 |
| 2020-09-25 |   183 |    4 |
| 2020-09-26 |   259 |   84 |
| 2020-09-26 |   265 |  132 |
| 2020-09-26 |   211 |   30 |
| 2020-09-26 |    31 |   76 |
| 2020-09-26 |   224 |   35 |
| 2020-09-26 |   262 |   36 |
| 2020-09-26 |   256 |  123 |
| 2020-09-26 |   257 |  124 |
| 2020-09-26 |    87 |    4 |
| 2020-09-26 |   189 |   41 |
| 2020-09-26 |    33 |  209 |
| 2020-09-26 |   251 |  105 |
| 2020-09-26 |   261 |   22 |
| 2020-09-26 |   247 |   38 |
| 2020-09-26 |   266 |   58 |
| 2020-09-26 |    10 |  298 |
| 2020-09-26 |   109 |    7 |
| 2020-09-26 |    54 |    2 |
| 2020-09-26 |   172 |   47 |
| 2020-09-26 |   248 |   12 |
| 2020-09-26 |    39 |   68 |
| 2020-09-26 |   209 |   22 |
| 2020-09-26 |   177 |   18 |
| 2020-09-26 |   258 |   11 |
| 2020-09-27 |   155 |   18 |
| 2020-09-27 |   259 |  198 |
| 2020-09-27 |   265 |  208 |
| 2020-09-27 |   248 |   36 |
| 2020-09-27 |   257 |  322 |
| 2020-09-27 |   111 |   26 |
| 2020-09-27 |   256 |  221 |
| 2020-09-27 |    31 |  258 |
| 2020-09-27 |   247 |   45 |
| 2020-09-27 |     2 |    5 |
| 2020-09-27 |   251 |  123 |
| 2020-09-27 |    10 |  516 |
| 2020-09-27 |   109 |   67 |
| 2020-09-27 |   262 |   29 |
| 2020-09-27 |    33 |  101 |
| 2020-09-27 |   174 |  221 |
| 2020-09-27 |   266 |   69 |
| 2020-09-27 |   226 |  136 |
| 2020-09-27 |   258 |    8 |
| 2020-09-27 |    49 |   52 |
| 2020-09-27 |   261 |    3 |
| 2020-09-27 |    39 |   30 |
| 2020-09-27 |   211 |   16 |
| 2020-09-28 |   256 |  242 |
| 2020-09-28 |   265 |  349 |
| 2020-09-28 |    31 |  193 |
| 2020-09-28 |   257 |  288 |
| 2020-09-28 |   155 |   43 |
| 2020-09-28 |   259 |  190 |
| 2020-09-28 |   261 |  109 |
| 2020-09-28 |   262 |   55 |
| 2020-09-28 |   174 |   36 |
| 2020-09-28 |   237 |   46 |
| 2020-09-28 |   111 |   31 |
| 2020-09-28 |   251 |   57 |
| 2020-09-28 |    33 |   59 |
| 2020-09-28 |   247 |   50 |
| 2020-09-28 |   139 |   56 |
| 2020-09-28 |   248 |   21 |
| 2020-09-28 |    49 |   21 |
| 2020-09-28 |    10 |  111 |
| 2020-09-28 |   258 |   14 |
| 2020-09-28 |   267 |   16 |
| 2020-09-28 |    39 |   44 |
| 2020-09-28 |   109 |   48 |
| 2020-09-29 |   265 |  227 |
| 2020-09-29 |   259 |  117 |
| 2020-09-29 |   256 |  410 |
| 2020-09-29 |   211 |  131 |
| 2020-09-29 |   174 |   50 |
| 2020-09-29 |   257 |  659 |
| 2020-09-29 |   262 |  179 |
| 2020-09-29 |   111 |   89 |
| 2020-09-29 |    31 |  413 |
| 2020-09-29 |    33 |   56 |
| 2020-09-29 |   247 |   54 |
| 2020-09-29 |   251 |   66 |
| 2020-09-29 |   139 |   25 |
| 2020-09-29 |    63 |   31 |
| 2020-09-29 |   229 |   38 |
| 2020-09-29 |   155 |   14 |
| 2020-09-29 |   248 |   26 |
| 2020-09-29 |    10 |   47 |
| 2020-09-29 |   266 |   55 |
| 2020-09-29 |    13 |   36 |
| 2020-09-29 |   249 |   19 |
| 2020-09-29 |    39 |   39 |
| 2020-09-29 |   109 |   29 |
| 2020-09-30 |   265 |   58 |
| 2020-09-30 |   262 |   38 |
| 2020-09-30 |   256 |  181 |
| 2020-09-30 |   259 |  110 |
| 2020-09-30 |   248 |    5 |
| 2020-09-30 |   257 |   90 |
| 2020-09-30 |    31 |   72 |
| 2020-09-30 |   251 |   26 |
| 2020-09-30 |   247 |   29 |
| 2020-09-30 |    33 |   18 |
| 2020-09-30 |   266 |   24 |
| 2020-09-30 |   139 |   10 |
+------------+-------+------+
1593 rows in set (0.06 sec)




SELECT
    a.date,
    COUNT(a.mn_id) AS count_uu
FROM
    (
        SELECT
            DATE(time) AS date,
            mn_id
        FROM acts_output
        GROUP BY DATE(time), mn_id
    ) AS a
GROUP BY a.date
ORDER BY a.date

+------------+----------+
| date       | count_uu |
+------------+----------+
| 2020-08-01 |       21 |
| 2020-08-02 |       22 |
| 2020-08-03 |       21 |
| 2020-08-04 |       24 |
| 2020-08-05 |       26 |
| 2020-08-06 |       19 |
| 2020-08-07 |       20 |
| 2020-08-08 |       23 |
| 2020-08-09 |       27 |
| 2020-08-10 |       22 |
| 2020-08-11 |       23 |
| 2020-08-12 |       24 |
| 2020-08-13 |       39 |
| 2020-08-14 |       40 |
| 2020-08-15 |       31 |
| 2020-08-16 |       34 |
| 2020-08-17 |       27 |
| 2020-08-18 |       26 |
| 2020-08-19 |       28 |
| 2020-08-20 |       28 |
| 2020-08-21 |       24 |
| 2020-08-22 |       32 |
| 2020-08-23 |       34 |
| 2020-08-24 |       32 |
| 2020-08-25 |       26 |
| 2020-08-26 |       26 |
| 2020-08-27 |       28 |
| 2020-08-28 |       25 |
| 2020-08-29 |       28 |
| 2020-08-30 |       30 |
| 2020-08-31 |       26 |
| 2020-09-01 |       24 |
| 2020-09-02 |       28 |
| 2020-09-03 |       30 |
| 2020-09-04 |       27 |
| 2020-09-05 |       30 |
| 2020-09-06 |       33 |
| 2020-09-07 |       30 |
| 2020-09-08 |       23 |
| 2020-09-09 |       27 |
| 2020-09-10 |       26 |
| 2020-09-11 |       27 |
| 2020-09-12 |       28 |
| 2020-09-13 |       27 |
| 2020-09-14 |       28 |
| 2020-09-15 |       24 |
| 2020-09-16 |       26 |
| 2020-09-17 |       28 |
| 2020-09-18 |       23 |
| 2020-09-19 |       26 |
| 2020-09-20 |       26 |
| 2020-09-21 |       24 |
| 2020-09-22 |       27 |
| 2020-09-23 |       20 |
| 2020-09-24 |       19 |
| 2020-09-25 |       22 |
| 2020-09-26 |       24 |
| 2020-09-27 |       23 |
| 2020-09-28 |       22 |
| 2020-09-29 |       23 |
| 2020-09-30 |       12 |
+------------+----------+
61 rows in set (0.05 sec)


SELECT
    DATE(`time`) AS date,
    mn_id
FROM acts_output
GROUP BY date, mn_id;


+------------+-------+
| date       | mn_id |
+------------+-------+
| 2020-08-01 |   259 |
| 2020-08-01 |   256 |
| 2020-08-01 |   262 |
| 2020-08-01 |   265 |
| 2020-08-01 |    31 |
| 2020-08-01 |   261 |
| 2020-08-01 |   257 |
| 2020-08-01 |   247 |
| 2020-08-01 |   175 |
| 2020-08-01 |   196 |
+------------+-------+
10 rows in set (0.06 sec)



各ユーザー (mn_id) が特定の日 (date) に活動した後、
7日後・14日後・30日後にも活動しているかどうかを判定

SELECT
DATE(`time`) AS date, mn_id
FROM acts_output
GROUP BY date, mn_id;


SELECT
    a.mn_id,
    a.date,

    -- 7日後に同じユーザーが活動しているか判定
    MAX(
        CASE 
            WHEN DATEDIFF(
                    IFNULL(b.date, '9999-12-31'),
                    a.date
                 ) = 7 THEN 1
            ELSE 0
        END
    ) AS flag_day7,

    -- 14日後に同じユーザーが活動しているか判定
    MAX(
        CASE 
            WHEN DATEDIFF(
                    IFNULL(b.date, '9999-12-31'),
                    a.date
                 ) = 14 THEN 1
            ELSE 0
        END
    ) AS flag_day14,

    -- 30日後に同じユーザーが活動しているか判定
    MAX(
        CASE 
            WHEN DATEDIFF(
                    IFNULL(b.date, '9999-12-31'),
                    a.date
                 ) = 30 THEN 1
            ELSE 0
        END
    ) AS flag_day30

FROM
    (
        -- 日付ごとのユーザー一覧を作成
        SELECT
            DATE(time) AS date,
            mn_id
        FROM acts_output
        GROUP BY DATE(time), mn_id
    ) AS a

LEFT JOIN
    (
        -- 同じく日付ごとのユーザー一覧
        SELECT
            DATE(time) AS date,
            mn_id
        FROM acts_output
        GROUP BY DATE(time), mn_id
    ) AS b
    ON a.mn_id = b.mn_id

GROUP BY
    a.mn_id,
    a.date
ORDER BY
    a.mn_id,
    a.date
LIMIT 10;



